<?xml version="1.0" encoding="utf-8" standalone="no"?>
<test-results xmlns:xsi="http://www.w3.org/2001/XMLSchema-instance" xsi:noNamespaceSchemaLocation="nunit_schema_2.5.xsd" name="Pester" total="339" errors="0" failures="0" not-run="0" inconclusive="0" ignored="0" skipped="339" invalid="0" date="2020-07-01" time="19:05:14">
  <environment platform="Microsoft Windows Server 2019 Datacenter|C:\windows|\Device\Harddisk0\Partition2" user="VssAdministrator" clr-version="Unknown" machine-name="WIN-1I7ARQ0TBSJ" user-domain="WIN-1I7ARQ0TBSJ" nunit-version="2.5.8.0" cwd="D:\a\1\s\AutoRest\SDKs\PowerShell\JumpCloud.SDK.V2" os-version="10.0.17763" />
  <culture-info current-culture="en-US" current-uiculture="en-US" />
  <test-suite type="TestFixture" name="Pester" executed="True" result="Ignored" success="True" time="65.1566" asserts="0" description="Pester">
    <results>
      <test-suite type="TestFixture" name="D:\a\1\s\AutoRest\SDKs\PowerShell\JumpCloud.SDK.V2\test\Clear-JcSdkAppleMdmDevice.Tests.ps1" executed="True" result="Ignored" success="True" time="1.0051" asserts="0" description="D:\a\1\s\AutoRest\SDKs\PowerShell\JumpCloud.SDK.V2\test\Clear-JcSdkAppleMdmDevice.Tests.ps1">
        <results>
          <test-suite type="TestFixture" name="Clear-JcSdkAppleMdmDevice" executed="True" result="Ignored" success="True" time="0.3439" asserts="0" description="Clear-JcSdkAppleMdmDevice">
            <results>
              <test-case description="EraseExpanded" name="Clear-JcSdkAppleMdmDevice.EraseExpanded" time="0.0541" asserts="0" success="False" result="Ignored" executed="False" />
              <test-case description="Erase" name="Clear-JcSdkAppleMdmDevice.Erase" time="0.0027" asserts="0" success="False" result="Ignored" executed="False" />
              <test-case description="EraseViaIdentityExpanded" name="Clear-JcSdkAppleMdmDevice.EraseViaIdentityExpanded" time="0.002" asserts="0" success="False" result="Ignored" executed="False" />
              <test-case description="EraseViaIdentity" name="Clear-JcSdkAppleMdmDevice.EraseViaIdentity" time="0.0044" asserts="0" success="False" result="Ignored" executed="False" />
            </results>
          </test-suite>
        </results>
      </test-suite>
      <test-suite type="TestFixture" name="D:\a\1\s\AutoRest\SDKs\PowerShell\JumpCloud.SDK.V2\test\Get-JcSdkActiveDirectory.Tests.ps1" executed="True" result="Ignored" success="True" time="0.3626" asserts="0" description="D:\a\1\s\AutoRest\SDKs\PowerShell\JumpCloud.SDK.V2\test\Get-JcSdkActiveDirectory.Tests.ps1">
        <results>
          <test-suite type="TestFixture" name="Get-JcSdkActiveDirectory" executed="True" result="Ignored" success="True" time="0.1" asserts="0" description="Get-JcSdkActiveDirectory">
            <results>
              <test-case description="List" name="Get-JcSdkActiveDirectory.List" time="0.0048" asserts="0" success="False" result="Ignored" executed="False" />
              <test-case description="Get" name="Get-JcSdkActiveDirectory.Get" time="0.0486" asserts="0" success="False" result="Ignored" executed="False" />
              <test-case description="GetViaIdentity" name="Get-JcSdkActiveDirectory.GetViaIdentity" time="0.002" asserts="0" success="False" result="Ignored" executed="False" />
            </results>
          </test-suite>
        </results>
      </test-suite>
      <test-suite type="TestFixture" name="D:\a\1\s\AutoRest\SDKs\PowerShell\JumpCloud.SDK.V2\test\Get-JcSdkActiveDirectoryGraphActiveDirectoryAssociation.Tests.ps1" executed="True" result="Ignored" success="True" time="0.3178" asserts="0" description="D:\a\1\s\AutoRest\SDKs\PowerShell\JumpCloud.SDK.V2\test\Get-JcSdkActiveDirectoryGraphActiveDirectoryAssociation.Tests.ps1">
        <results>
          <test-suite type="TestFixture" name="Get-JcSdkActiveDirectoryGraphActiveDirectoryAssociation" executed="True" result="Ignored" success="True" time="0.0428" asserts="0" description="Get-JcSdkActiveDirectoryGraphActiveDirectoryAssociation">
            <results>
              <test-case description="List" name="Get-JcSdkActiveDirectoryGraphActiveDirectoryAssociation.List" time="0.0018" asserts="0" success="False" result="Ignored" executed="False" />
            </results>
          </test-suite>
        </results>
      </test-suite>
      <test-suite type="TestFixture" name="D:\a\1\s\AutoRest\SDKs\PowerShell\JumpCloud.SDK.V2\test\Get-JcSdkActiveDirectoryGraphActiveDirectoryTraverseUserGroup.Tests.ps1" executed="True" result="Ignored" success="True" time="0.3114" asserts="0" description="D:\a\1\s\AutoRest\SDKs\PowerShell\JumpCloud.SDK.V2\test\Get-JcSdkActiveDirectoryGraphActiveDirectoryTraverseUserGroup.Tests.ps1">
        <results>
          <test-suite type="TestFixture" name="Get-JcSdkActiveDirectoryGraphActiveDirectoryTraverseUserGroup" executed="True" result="Ignored" success="True" time="0.0467" asserts="0" description="Get-JcSdkActiveDirectoryGraphActiveDirectoryTraverseUserGroup">
            <results>
              <test-case description="List" name="Get-JcSdkActiveDirectoryGraphActiveDirectoryTraverseUserGroup.List" time="0.0021" asserts="0" success="False" result="Ignored" executed="False" />
            </results>
          </test-suite>
        </results>
      </test-suite>
      <test-suite type="TestFixture" name="D:\a\1\s\AutoRest\SDKs\PowerShell\JumpCloud.SDK.V2\test\Get-JcSdkAppleMdm.Tests.ps1" executed="True" result="Ignored" success="True" time="0.4841" asserts="0" description="D:\a\1\s\AutoRest\SDKs\PowerShell\JumpCloud.SDK.V2\test\Get-JcSdkAppleMdm.Tests.ps1">
        <results>
          <test-suite type="TestFixture" name="Get-JcSdkAppleMdm" executed="True" result="Ignored" success="True" time="0.2028" asserts="0" description="Get-JcSdkAppleMdm">
            <results>
              <test-case description="List" name="Get-JcSdkAppleMdm.List" time="0.0028" asserts="0" success="False" result="Ignored" executed="False" />
            </results>
          </test-suite>
        </results>
      </test-suite>
      <test-suite type="TestFixture" name="D:\a\1\s\AutoRest\SDKs\PowerShell\JumpCloud.SDK.V2\test\Get-JcSdkAppleMdmCsr.Tests.ps1" executed="True" result="Ignored" success="True" time="0.3358" asserts="0" description="D:\a\1\s\AutoRest\SDKs\PowerShell\JumpCloud.SDK.V2\test\Get-JcSdkAppleMdmCsr.Tests.ps1">
        <results>
          <test-suite type="TestFixture" name="Get-JcSdkAppleMdmCsr" executed="True" result="Ignored" success="True" time="0.0831" asserts="0" description="Get-JcSdkAppleMdmCsr">
            <results>
              <test-case description="Get" name="Get-JcSdkAppleMdmCsr.Get" time="0.0028" asserts="0" success="False" result="Ignored" executed="False" />
              <test-case description="GetViaIdentity" name="Get-JcSdkAppleMdmCsr.GetViaIdentity" time="0.0026" asserts="0" success="False" result="Ignored" executed="False" />
            </results>
          </test-suite>
        </results>
      </test-suite>
      <test-suite type="TestFixture" name="D:\a\1\s\AutoRest\SDKs\PowerShell\JumpCloud.SDK.V2\test\Get-JcSdkAppleMdmDepKey.Tests.ps1" executed="True" result="Ignored" success="True" time="0.3128" asserts="0" description="D:\a\1\s\AutoRest\SDKs\PowerShell\JumpCloud.SDK.V2\test\Get-JcSdkAppleMdmDepKey.Tests.ps1">
        <results>
          <test-suite type="TestFixture" name="Get-JcSdkAppleMdmDepKey" executed="True" result="Ignored" success="True" time="0.0454" asserts="0" description="Get-JcSdkAppleMdmDepKey">
            <results>
              <test-case description="Get" name="Get-JcSdkAppleMdmDepKey.Get" time="0.002" asserts="0" success="False" result="Ignored" executed="False" />
              <test-case description="GetViaIdentity" name="Get-JcSdkAppleMdmDepKey.GetViaIdentity" time="0.0022" asserts="0" success="False" result="Ignored" executed="False" />
            </results>
          </test-suite>
        </results>
      </test-suite>
      <test-suite type="TestFixture" name="D:\a\1\s\AutoRest\SDKs\PowerShell\JumpCloud.SDK.V2\test\Get-JcSdkAppleMdmDevice.Tests.ps1" executed="True" result="Ignored" success="True" time="0.7358" asserts="0" description="D:\a\1\s\AutoRest\SDKs\PowerShell\JumpCloud.SDK.V2\test\Get-JcSdkAppleMdmDevice.Tests.ps1">
        <results>
          <test-suite type="TestFixture" name="Get-JcSdkAppleMdmDevice" executed="True" result="Ignored" success="True" time="0.0452" asserts="0" description="Get-JcSdkAppleMdmDevice">
            <results>
              <test-case description="List" name="Get-JcSdkAppleMdmDevice.List" time="0.0028" asserts="0" success="False" result="Ignored" executed="False" />
            </results>
          </test-suite>
        </results>
      </test-suite>
      <test-suite type="TestFixture" name="D:\a\1\s\AutoRest\SDKs\PowerShell\JumpCloud.SDK.V2\test\Get-JcSdkAppleMdmEnrollmentProfile.Tests.ps1" executed="True" result="Ignored" success="True" time="0.4118" asserts="0" description="D:\a\1\s\AutoRest\SDKs\PowerShell\JumpCloud.SDK.V2\test\Get-JcSdkAppleMdmEnrollmentProfile.Tests.ps1">
        <results>
          <test-suite type="TestFixture" name="Get-JcSdkAppleMdmEnrollmentProfile" executed="True" result="Ignored" success="True" time="0.0922" asserts="0" description="Get-JcSdkAppleMdmEnrollmentProfile">
            <results>
              <test-case description="List" name="Get-JcSdkAppleMdmEnrollmentProfile.List" time="0.0016" asserts="0" success="False" result="Ignored" executed="False" />
              <test-case description="Get" name="Get-JcSdkAppleMdmEnrollmentProfile.Get" time="0.0021" asserts="0" success="False" result="Ignored" executed="False" />
              <test-case description="GetViaIdentity" name="Get-JcSdkAppleMdmEnrollmentProfile.GetViaIdentity" time="0.0025" asserts="0" success="False" result="Ignored" executed="False" />
            </results>
          </test-suite>
        </results>
      </test-suite>
      <test-suite type="TestFixture" name="D:\a\1\s\AutoRest\SDKs\PowerShell\JumpCloud.SDK.V2\test\Get-JcSdkApplicationGraphApplicationAssociation.Tests.ps1" executed="True" result="Ignored" success="True" time="0.3043" asserts="0" description="D:\a\1\s\AutoRest\SDKs\PowerShell\JumpCloud.SDK.V2\test\Get-JcSdkApplicationGraphApplicationAssociation.Tests.ps1">
        <results>
          <test-suite type="TestFixture" name="Get-JcSdkApplicationGraphApplicationAssociation" executed="True" result="Ignored" success="True" time="0.0387" asserts="0" description="Get-JcSdkApplicationGraphApplicationAssociation">
            <results>
              <test-case description="List" name="Get-JcSdkApplicationGraphApplicationAssociation.List" time="0.0016" asserts="0" success="False" result="Ignored" executed="False" />
            </results>
          </test-suite>
        </results>
      </test-suite>
      <test-suite type="TestFixture" name="D:\a\1\s\AutoRest\SDKs\PowerShell\JumpCloud.SDK.V2\test\Get-JcSdkApplicationGraphApplicationTraverseUser.Tests.ps1" executed="True" result="Ignored" success="True" time="0.3447" asserts="0" description="D:\a\1\s\AutoRest\SDKs\PowerShell\JumpCloud.SDK.V2\test\Get-JcSdkApplicationGraphApplicationTraverseUser.Tests.ps1">
        <results>
          <test-suite type="TestFixture" name="Get-JcSdkApplicationGraphApplicationTraverseUser" executed="True" result="Ignored" success="True" time="0.0594" asserts="0" description="Get-JcSdkApplicationGraphApplicationTraverseUser">
            <results>
              <test-case description="List" name="Get-JcSdkApplicationGraphApplicationTraverseUser.List" time="0.0019" asserts="0" success="False" result="Ignored" executed="False" />
            </results>
          </test-suite>
        </results>
      </test-suite>
      <test-suite type="TestFixture" name="D:\a\1\s\AutoRest\SDKs\PowerShell\JumpCloud.SDK.V2\test\Get-JcSdkApplicationGraphApplicationTraverseUserGroup.Tests.ps1" executed="True" result="Ignored" success="True" time="0.3901" asserts="0" description="D:\a\1\s\AutoRest\SDKs\PowerShell\JumpCloud.SDK.V2\test\Get-JcSdkApplicationGraphApplicationTraverseUserGroup.Tests.ps1">
        <results>
          <test-suite type="TestFixture" name="Get-JcSdkApplicationGraphApplicationTraverseUserGroup" executed="True" result="Ignored" success="True" time="0.0586" asserts="0" description="Get-JcSdkApplicationGraphApplicationTraverseUserGroup">
            <results>
              <test-case description="List" name="Get-JcSdkApplicationGraphApplicationTraverseUserGroup.List" time="0.0022" asserts="0" success="False" result="Ignored" executed="False" />
            </results>
          </test-suite>
        </results>
      </test-suite>
      <test-suite type="TestFixture" name="D:\a\1\s\AutoRest\SDKs\PowerShell\JumpCloud.SDK.V2\test\Get-JcSdkBulkJobRequestBulkUserResult.Tests.ps1" executed="True" result="Ignored" success="True" time="0.3487" asserts="0" description="D:\a\1\s\AutoRest\SDKs\PowerShell\JumpCloud.SDK.V2\test\Get-JcSdkBulkJobRequestBulkUserResult.Tests.ps1">
        <results>
          <test-suite type="TestFixture" name="Get-JcSdkBulkJobRequestBulkUserResult" executed="True" result="Ignored" success="True" time="0.0645" asserts="0" description="Get-JcSdkBulkJobRequestBulkUserResult">
            <results>
              <test-case description="Get" name="Get-JcSdkBulkJobRequestBulkUserResult.Get" time="0.002" asserts="0" success="False" result="Ignored" executed="False" />
              <test-case description="GetViaIdentity" name="Get-JcSdkBulkJobRequestBulkUserResult.GetViaIdentity" time="0.0017" asserts="0" success="False" result="Ignored" executed="False" />
            </results>
          </test-suite>
        </results>
      </test-suite>
      <test-suite type="TestFixture" name="D:\a\1\s\AutoRest\SDKs\PowerShell\JumpCloud.SDK.V2\test\Get-JcSdkCommandGraphCommandAssociation.Tests.ps1" executed="True" result="Ignored" success="True" time="0.34" asserts="0" description="D:\a\1\s\AutoRest\SDKs\PowerShell\JumpCloud.SDK.V2\test\Get-JcSdkCommandGraphCommandAssociation.Tests.ps1">
        <results>
          <test-suite type="TestFixture" name="Get-JcSdkCommandGraphCommandAssociation" executed="True" result="Ignored" success="True" time="0.0426" asserts="0" description="Get-JcSdkCommandGraphCommandAssociation">
            <results>
              <test-case description="List" name="Get-JcSdkCommandGraphCommandAssociation.List" time="0.002" asserts="0" success="False" result="Ignored" executed="False" />
            </results>
          </test-suite>
        </results>
      </test-suite>
      <test-suite type="TestFixture" name="D:\a\1\s\AutoRest\SDKs\PowerShell\JumpCloud.SDK.V2\test\Get-JcSdkCommandGraphCommandTraverseSystem.Tests.ps1" executed="True" result="Ignored" success="True" time="0.347" asserts="0" description="D:\a\1\s\AutoRest\SDKs\PowerShell\JumpCloud.SDK.V2\test\Get-JcSdkCommandGraphCommandTraverseSystem.Tests.ps1">
        <results>
          <test-suite type="TestFixture" name="Get-JcSdkCommandGraphCommandTraverseSystem" executed="True" result="Ignored" success="True" time="0.0388" asserts="0" description="Get-JcSdkCommandGraphCommandTraverseSystem">
            <results>
              <test-case description="List" name="Get-JcSdkCommandGraphCommandTraverseSystem.List" time="0.0018" asserts="0" success="False" result="Ignored" executed="False" />
            </results>
          </test-suite>
        </results>
      </test-suite>
      <test-suite type="TestFixture" name="D:\a\1\s\AutoRest\SDKs\PowerShell\JumpCloud.SDK.V2\test\Get-JcSdkCommandGraphCommandTraverseSystemGroup.Tests.ps1" executed="True" result="Ignored" success="True" time="0.3105" asserts="0" description="D:\a\1\s\AutoRest\SDKs\PowerShell\JumpCloud.SDK.V2\test\Get-JcSdkCommandGraphCommandTraverseSystemGroup.Tests.ps1">
        <results>
          <test-suite type="TestFixture" name="Get-JcSdkCommandGraphCommandTraverseSystemGroup" executed="True" result="Ignored" success="True" time="0.0379" asserts="0" description="Get-JcSdkCommandGraphCommandTraverseSystemGroup">
            <results>
              <test-case description="List" name="Get-JcSdkCommandGraphCommandTraverseSystemGroup.List" time="0.0017" asserts="0" success="False" result="Ignored" executed="False" />
            </results>
          </test-suite>
        </results>
      </test-suite>
      <test-suite type="TestFixture" name="D:\a\1\s\AutoRest\SDKs\PowerShell\JumpCloud.SDK.V2\test\Get-JcSdkDirectory.Tests.ps1" executed="True" result="Ignored" success="True" time="0.3858" asserts="0" description="D:\a\1\s\AutoRest\SDKs\PowerShell\JumpCloud.SDK.V2\test\Get-JcSdkDirectory.Tests.ps1">
        <results>
          <test-suite type="TestFixture" name="Get-JcSdkDirectory" executed="True" result="Ignored" success="True" time="0.0917" asserts="0" description="Get-JcSdkDirectory">
            <results>
              <test-case description="List" name="Get-JcSdkDirectory.List" time="0.0232" asserts="0" success="False" result="Ignored" executed="False" />
            </results>
          </test-suite>
        </results>
      </test-suite>
      <test-suite type="TestFixture" name="D:\a\1\s\AutoRest\SDKs\PowerShell\JumpCloud.SDK.V2\test\Get-JcSdkDuoAccount.Tests.ps1" executed="True" result="Ignored" success="True" time="0.3372" asserts="0" description="D:\a\1\s\AutoRest\SDKs\PowerShell\JumpCloud.SDK.V2\test\Get-JcSdkDuoAccount.Tests.ps1">
        <results>
          <test-suite type="TestFixture" name="Get-JcSdkDuoAccount" executed="True" result="Ignored" success="True" time="0.0462" asserts="0" description="Get-JcSdkDuoAccount">
            <results>
              <test-case description="List" name="Get-JcSdkDuoAccount.List" time="0.0019" asserts="0" success="False" result="Ignored" executed="False" />
              <test-case description="Get" name="Get-JcSdkDuoAccount.Get" time="0.0019" asserts="0" success="False" result="Ignored" executed="False" />
              <test-case description="GetViaIdentity" name="Get-JcSdkDuoAccount.GetViaIdentity" time="0.0016" asserts="0" success="False" result="Ignored" executed="False" />
            </results>
          </test-suite>
        </results>
      </test-suite>
      <test-suite type="TestFixture" name="D:\a\1\s\AutoRest\SDKs\PowerShell\JumpCloud.SDK.V2\test\Get-JcSdkDuoApplication.Tests.ps1" executed="True" result="Ignored" success="True" time="0.3899" asserts="0" description="D:\a\1\s\AutoRest\SDKs\PowerShell\JumpCloud.SDK.V2\test\Get-JcSdkDuoApplication.Tests.ps1">
        <results>
          <test-suite type="TestFixture" name="Get-JcSdkDuoApplication" executed="True" result="Ignored" success="True" time="0.0629" asserts="0" description="Get-JcSdkDuoApplication">
            <results>
              <test-case description="List" name="Get-JcSdkDuoApplication.List" time="0.0017" asserts="0" success="False" result="Ignored" executed="False" />
              <test-case description="Get" name="Get-JcSdkDuoApplication.Get" time="0.0016" asserts="0" success="False" result="Ignored" executed="False" />
              <test-case description="GetViaIdentity" name="Get-JcSdkDuoApplication.GetViaIdentity" time="0.0026" asserts="0" success="False" result="Ignored" executed="False" />
            </results>
          </test-suite>
        </results>
      </test-suite>
      <test-suite type="TestFixture" name="D:\a\1\s\AutoRest\SDKs\PowerShell\JumpCloud.SDK.V2\test\Get-JcSdkGroup.Tests.ps1" executed="True" result="Ignored" success="True" time="0.3834" asserts="0" description="D:\a\1\s\AutoRest\SDKs\PowerShell\JumpCloud.SDK.V2\test\Get-JcSdkGroup.Tests.ps1">
        <results>
          <test-suite type="TestFixture" name="Get-JcSdkGroup" executed="True" result="Ignored" success="True" time="0.1003" asserts="0" description="Get-JcSdkGroup">
            <results>
              <test-case description="List" name="Get-JcSdkGroup.List" time="0.0026" asserts="0" success="False" result="Ignored" executed="False" />
            </results>
          </test-suite>
        </results>
      </test-suite>
      <test-suite type="TestFixture" name="D:\a\1\s\AutoRest\SDKs\PowerShell\JumpCloud.SDK.V2\test\Get-JcSdkGSuite.Tests.ps1" executed="True" result="Ignored" success="True" time="0.4678" asserts="0" description="D:\a\1\s\AutoRest\SDKs\PowerShell\JumpCloud.SDK.V2\test\Get-JcSdkGSuite.Tests.ps1">
        <results>
          <test-suite type="TestFixture" name="Get-JcSdkGSuite" executed="True" result="Ignored" success="True" time="0.0747" asserts="0" description="Get-JcSdkGSuite">
            <results>
              <test-case description="Get" name="Get-JcSdkGSuite.Get" time="0.0023" asserts="0" success="False" result="Ignored" executed="False" />
              <test-case description="GetViaIdentity" name="Get-JcSdkGSuite.GetViaIdentity" time="0.0023" asserts="0" success="False" result="Ignored" executed="False" />
            </results>
          </test-suite>
        </results>
      </test-suite>
      <test-suite type="TestFixture" name="D:\a\1\s\AutoRest\SDKs\PowerShell\JumpCloud.SDK.V2\test\Get-JcSdkGSuiteGraphGSuiteAssociation.Tests.ps1" executed="True" result="Ignored" success="True" time="0.3264" asserts="0" description="D:\a\1\s\AutoRest\SDKs\PowerShell\JumpCloud.SDK.V2\test\Get-JcSdkGSuiteGraphGSuiteAssociation.Tests.ps1">
        <results>
          <test-suite type="TestFixture" name="Get-JcSdkGSuiteGraphGSuiteAssociation" executed="True" result="Ignored" success="True" time="0.0409" asserts="0" description="Get-JcSdkGSuiteGraphGSuiteAssociation">
            <results>
              <test-case description="List" name="Get-JcSdkGSuiteGraphGSuiteAssociation.List" time="0.002" asserts="0" success="False" result="Ignored" executed="False" />
            </results>
          </test-suite>
        </results>
      </test-suite>
      <test-suite type="TestFixture" name="D:\a\1\s\AutoRest\SDKs\PowerShell\JumpCloud.SDK.V2\test\Get-JcSdkGSuiteGraphGSuiteTraverseUser.Tests.ps1" executed="True" result="Ignored" success="True" time="0.3687" asserts="0" description="D:\a\1\s\AutoRest\SDKs\PowerShell\JumpCloud.SDK.V2\test\Get-JcSdkGSuiteGraphGSuiteTraverseUser.Tests.ps1">
        <results>
          <test-suite type="TestFixture" name="Get-JcSdkGSuiteGraphGSuiteTraverseUser" executed="True" result="Ignored" success="True" time="0.0377" asserts="0" description="Get-JcSdkGSuiteGraphGSuiteTraverseUser">
            <results>
              <test-case description="List" name="Get-JcSdkGSuiteGraphGSuiteTraverseUser.List" time="0.0015" asserts="0" success="False" result="Ignored" executed="False" />
            </results>
          </test-suite>
        </results>
      </test-suite>
      <test-suite type="TestFixture" name="D:\a\1\s\AutoRest\SDKs\PowerShell\JumpCloud.SDK.V2\test\Get-JcSdkGSuiteGraphGSuiteTraverseUserGroup.Tests.ps1" executed="True" result="Ignored" success="True" time="0.3625" asserts="0" description="D:\a\1\s\AutoRest\SDKs\PowerShell\JumpCloud.SDK.V2\test\Get-JcSdkGSuiteGraphGSuiteTraverseUserGroup.Tests.ps1">
        <results>
          <test-suite type="TestFixture" name="Get-JcSdkGSuiteGraphGSuiteTraverseUserGroup" executed="True" result="Ignored" success="True" time="0.0617" asserts="0" description="Get-JcSdkGSuiteGraphGSuiteTraverseUserGroup">
            <results>
              <test-case description="List" name="Get-JcSdkGSuiteGraphGSuiteTraverseUserGroup.List" time="0.0015" asserts="0" success="False" result="Ignored" executed="False" />
            </results>
          </test-suite>
        </results>
      </test-suite>
      <test-suite type="TestFixture" name="D:\a\1\s\AutoRest\SDKs\PowerShell\JumpCloud.SDK.V2\test\Get-JcSdkGSuiteTranslationRule.Tests.ps1" executed="True" result="Ignored" success="True" time="0.4144" asserts="0" description="D:\a\1\s\AutoRest\SDKs\PowerShell\JumpCloud.SDK.V2\test\Get-JcSdkGSuiteTranslationRule.Tests.ps1">
        <results>
          <test-suite type="TestFixture" name="Get-JcSdkGSuiteTranslationRule" executed="True" result="Ignored" success="True" time="0.0879" asserts="0" description="Get-JcSdkGSuiteTranslationRule">
            <results>
              <test-case description="List" name="Get-JcSdkGSuiteTranslationRule.List" time="0.0034" asserts="0" success="False" result="Ignored" executed="False" />
              <test-case description="Get" name="Get-JcSdkGSuiteTranslationRule.Get" time="0.0027" asserts="0" success="False" result="Ignored" executed="False" />
              <test-case description="GetViaIdentity" name="Get-JcSdkGSuiteTranslationRule.GetViaIdentity" time="0.0029" asserts="0" success="False" result="Ignored" executed="False" />
            </results>
          </test-suite>
        </results>
      </test-suite>
      <test-suite type="TestFixture" name="D:\a\1\s\AutoRest\SDKs\PowerShell\JumpCloud.SDK.V2\test\Get-JcSdkLdapServer.Tests.ps1" executed="True" result="Ignored" success="True" time="0.3281" asserts="0" description="D:\a\1\s\AutoRest\SDKs\PowerShell\JumpCloud.SDK.V2\test\Get-JcSdkLdapServer.Tests.ps1">
        <results>
          <test-suite type="TestFixture" name="Get-JcSdkLdapServer" executed="True" result="Ignored" success="True" time="0.0471" asserts="0" description="Get-JcSdkLdapServer">
            <results>
              <test-case description="List" name="Get-JcSdkLdapServer.List" time="0.0015" asserts="0" success="False" result="Ignored" executed="False" />
              <test-case description="Get" name="Get-JcSdkLdapServer.Get" time="0.0013" asserts="0" success="False" result="Ignored" executed="False" />
              <test-case description="GetViaIdentity" name="Get-JcSdkLdapServer.GetViaIdentity" time="0.0014" asserts="0" success="False" result="Ignored" executed="False" />
            </results>
          </test-suite>
        </results>
      </test-suite>
      <test-suite type="TestFixture" name="D:\a\1\s\AutoRest\SDKs\PowerShell\JumpCloud.SDK.V2\test\Get-JcSdkLdapServerGraphLdapServerAssociation.Tests.ps1" executed="True" result="Ignored" success="True" time="0.2976" asserts="0" description="D:\a\1\s\AutoRest\SDKs\PowerShell\JumpCloud.SDK.V2\test\Get-JcSdkLdapServerGraphLdapServerAssociation.Tests.ps1">
        <results>
          <test-suite type="TestFixture" name="Get-JcSdkLdapServerGraphLdapServerAssociation" executed="True" result="Ignored" success="True" time="0.0444" asserts="0" description="Get-JcSdkLdapServerGraphLdapServerAssociation">
            <results>
              <test-case description="List" name="Get-JcSdkLdapServerGraphLdapServerAssociation.List" time="0.0015" asserts="0" success="False" result="Ignored" executed="False" />
            </results>
          </test-suite>
        </results>
      </test-suite>
      <test-suite type="TestFixture" name="D:\a\1\s\AutoRest\SDKs\PowerShell\JumpCloud.SDK.V2\test\Get-JcSdkLdapServerGraphLdapServerTraverseUser.Tests.ps1" executed="True" result="Ignored" success="True" time="0.3442" asserts="0" description="D:\a\1\s\AutoRest\SDKs\PowerShell\JumpCloud.SDK.V2\test\Get-JcSdkLdapServerGraphLdapServerTraverseUser.Tests.ps1">
        <results>
          <test-suite type="TestFixture" name="Get-JcSdkLdapServerGraphLdapServerTraverseUser" executed="True" result="Ignored" success="True" time="0.0664" asserts="0" description="Get-JcSdkLdapServerGraphLdapServerTraverseUser">
            <results>
              <test-case description="List" name="Get-JcSdkLdapServerGraphLdapServerTraverseUser.List" time="0.0016" asserts="0" success="False" result="Ignored" executed="False" />
            </results>
          </test-suite>
        </results>
      </test-suite>
      <test-suite type="TestFixture" name="D:\a\1\s\AutoRest\SDKs\PowerShell\JumpCloud.SDK.V2\test\Get-JcSdkLdapServerGraphLdapServerTraverseUserGroup.Tests.ps1" executed="True" result="Ignored" success="True" time="0.3161" asserts="0" description="D:\a\1\s\AutoRest\SDKs\PowerShell\JumpCloud.SDK.V2\test\Get-JcSdkLdapServerGraphLdapServerTraverseUserGroup.Tests.ps1">
        <results>
          <test-suite type="TestFixture" name="Get-JcSdkLdapServerGraphLdapServerTraverseUserGroup" executed="True" result="Ignored" success="True" time="0.0646" asserts="0" description="Get-JcSdkLdapServerGraphLdapServerTraverseUserGroup">
            <results>
              <test-case description="List" name="Get-JcSdkLdapServerGraphLdapServerTraverseUserGroup.List" time="0.0024" asserts="0" success="False" result="Ignored" executed="False" />
            </results>
          </test-suite>
        </results>
      </test-suite>
      <test-suite type="TestFixture" name="D:\a\1\s\AutoRest\SDKs\PowerShell\JumpCloud.SDK.V2\test\Get-JcSdkOffice365.Tests.ps1" executed="True" result="Ignored" success="True" time="0.3438" asserts="0" description="D:\a\1\s\AutoRest\SDKs\PowerShell\JumpCloud.SDK.V2\test\Get-JcSdkOffice365.Tests.ps1">
        <results>
          <test-suite type="TestFixture" name="Get-JcSdkOffice365" executed="True" result="Ignored" success="True" time="0.0643" asserts="0" description="Get-JcSdkOffice365">
            <results>
              <test-case description="Get" name="Get-JcSdkOffice365.Get" time="0.0045" asserts="0" success="False" result="Ignored" executed="False" />
              <test-case description="GetViaIdentity" name="Get-JcSdkOffice365.GetViaIdentity" time="0.0026" asserts="0" success="False" result="Ignored" executed="False" />
            </results>
          </test-suite>
        </results>
      </test-suite>
      <test-suite type="TestFixture" name="D:\a\1\s\AutoRest\SDKs\PowerShell\JumpCloud.SDK.V2\test\Get-JcSdkOffice365GraphOffice365Association.Tests.ps1" executed="True" result="Ignored" success="True" time="0.2822" asserts="0" description="D:\a\1\s\AutoRest\SDKs\PowerShell\JumpCloud.SDK.V2\test\Get-JcSdkOffice365GraphOffice365Association.Tests.ps1">
        <results>
          <test-suite type="TestFixture" name="Get-JcSdkOffice365GraphOffice365Association" executed="True" result="Ignored" success="True" time="0.0453" asserts="0" description="Get-JcSdkOffice365GraphOffice365Association">
            <results>
              <test-case description="List" name="Get-JcSdkOffice365GraphOffice365Association.List" time="0.0017" asserts="0" success="False" result="Ignored" executed="False" />
            </results>
          </test-suite>
        </results>
      </test-suite>
      <test-suite type="TestFixture" name="D:\a\1\s\AutoRest\SDKs\PowerShell\JumpCloud.SDK.V2\test\Get-JcSdkOffice365GraphOffice365TraverseUser.Tests.ps1" executed="True" result="Ignored" success="True" time="0.3326" asserts="0" description="D:\a\1\s\AutoRest\SDKs\PowerShell\JumpCloud.SDK.V2\test\Get-JcSdkOffice365GraphOffice365TraverseUser.Tests.ps1">
        <results>
          <test-suite type="TestFixture" name="Get-JcSdkOffice365GraphOffice365TraverseUser" executed="True" result="Ignored" success="True" time="0.0741" asserts="0" description="Get-JcSdkOffice365GraphOffice365TraverseUser">
            <results>
              <test-case description="List" name="Get-JcSdkOffice365GraphOffice365TraverseUser.List" time="0.0032" asserts="0" success="False" result="Ignored" executed="False" />
            </results>
          </test-suite>
        </results>
      </test-suite>
      <test-suite type="TestFixture" name="D:\a\1\s\AutoRest\SDKs\PowerShell\JumpCloud.SDK.V2\test\Get-JcSdkOffice365GraphOffice365TraverseUserGroup.Tests.ps1" executed="True" result="Ignored" success="True" time="0.3672" asserts="0" description="D:\a\1\s\AutoRest\SDKs\PowerShell\JumpCloud.SDK.V2\test\Get-JcSdkOffice365GraphOffice365TraverseUserGroup.Tests.ps1">
        <results>
          <test-suite type="TestFixture" name="Get-JcSdkOffice365GraphOffice365TraverseUserGroup" executed="True" result="Ignored" success="True" time="0.0727" asserts="0" description="Get-JcSdkOffice365GraphOffice365TraverseUserGroup">
            <results>
              <test-case description="List" name="Get-JcSdkOffice365GraphOffice365TraverseUserGroup.List" time="0.0041" asserts="0" success="False" result="Ignored" executed="False" />
            </results>
          </test-suite>
        </results>
      </test-suite>
      <test-suite type="TestFixture" name="D:\a\1\s\AutoRest\SDKs\PowerShell\JumpCloud.SDK.V2\test\Get-JcSdkOffice365TranslationRule.Tests.ps1" executed="True" result="Ignored" success="True" time="0.3165" asserts="0" description="D:\a\1\s\AutoRest\SDKs\PowerShell\JumpCloud.SDK.V2\test\Get-JcSdkOffice365TranslationRule.Tests.ps1">
        <results>
          <test-suite type="TestFixture" name="Get-JcSdkOffice365TranslationRule" executed="True" result="Ignored" success="True" time="0.0447" asserts="0" description="Get-JcSdkOffice365TranslationRule">
            <results>
              <test-case description="List" name="Get-JcSdkOffice365TranslationRule.List" time="0.0018" asserts="0" success="False" result="Ignored" executed="False" />
              <test-case description="Get" name="Get-JcSdkOffice365TranslationRule.Get" time="0.0016" asserts="0" success="False" result="Ignored" executed="False" />
              <test-case description="GetViaIdentity" name="Get-JcSdkOffice365TranslationRule.GetViaIdentity" time="0.0014" asserts="0" success="False" result="Ignored" executed="False" />
            </results>
          </test-suite>
        </results>
      </test-suite>
      <test-suite type="TestFixture" name="D:\a\1\s\AutoRest\SDKs\PowerShell\JumpCloud.SDK.V2\test\Get-JcSdkPolicy.Tests.ps1" executed="True" result="Ignored" success="True" time="0.2994" asserts="0" description="D:\a\1\s\AutoRest\SDKs\PowerShell\JumpCloud.SDK.V2\test\Get-JcSdkPolicy.Tests.ps1">
        <results>
          <test-suite type="TestFixture" name="Get-JcSdkPolicy" executed="True" result="Ignored" success="True" time="0.0593" asserts="0" description="Get-JcSdkPolicy">
            <results>
              <test-case description="List" name="Get-JcSdkPolicy.List" time="0.0016" asserts="0" success="False" result="Ignored" executed="False" />
              <test-case description="Get" name="Get-JcSdkPolicy.Get" time="0.0019" asserts="0" success="False" result="Ignored" executed="False" />
              <test-case description="GetViaIdentity" name="Get-JcSdkPolicy.GetViaIdentity" time="0.0014" asserts="0" success="False" result="Ignored" executed="False" />
            </results>
          </test-suite>
        </results>
      </test-suite>
      <test-suite type="TestFixture" name="D:\a\1\s\AutoRest\SDKs\PowerShell\JumpCloud.SDK.V2\test\Get-JcSdkPolicyGraphPolicyAssociation.Tests.ps1" executed="True" result="Ignored" success="True" time="0.293" asserts="0" description="D:\a\1\s\AutoRest\SDKs\PowerShell\JumpCloud.SDK.V2\test\Get-JcSdkPolicyGraphPolicyAssociation.Tests.ps1">
        <results>
          <test-suite type="TestFixture" name="Get-JcSdkPolicyGraphPolicyAssociation" executed="True" result="Ignored" success="True" time="0.0663" asserts="0" description="Get-JcSdkPolicyGraphPolicyAssociation">
            <results>
              <test-case description="List" name="Get-JcSdkPolicyGraphPolicyAssociation.List" time="0.0016" asserts="0" success="False" result="Ignored" executed="False" />
            </results>
          </test-suite>
        </results>
      </test-suite>
      <test-suite type="TestFixture" name="D:\a\1\s\AutoRest\SDKs\PowerShell\JumpCloud.SDK.V2\test\Get-JcSdkPolicyGraphPolicyStatus.Tests.ps1" executed="True" result="Ignored" success="True" time="0.2856" asserts="0" description="D:\a\1\s\AutoRest\SDKs\PowerShell\JumpCloud.SDK.V2\test\Get-JcSdkPolicyGraphPolicyStatus.Tests.ps1">
        <results>
          <test-suite type="TestFixture" name="Get-JcSdkPolicyGraphPolicyStatus" executed="True" result="Ignored" success="True" time="0.0458" asserts="0" description="Get-JcSdkPolicyGraphPolicyStatus">
            <results>
              <test-case description="List" name="Get-JcSdkPolicyGraphPolicyStatus.List" time="0.0017" asserts="0" success="False" result="Ignored" executed="False" />
            </results>
          </test-suite>
        </results>
      </test-suite>
      <test-suite type="TestFixture" name="D:\a\1\s\AutoRest\SDKs\PowerShell\JumpCloud.SDK.V2\test\Get-JcSdkPolicyGraphPolicyTraverseSystem.Tests.ps1" executed="True" result="Ignored" success="True" time="0.3095" asserts="0" description="D:\a\1\s\AutoRest\SDKs\PowerShell\JumpCloud.SDK.V2\test\Get-JcSdkPolicyGraphPolicyTraverseSystem.Tests.ps1">
        <results>
          <test-suite type="TestFixture" name="Get-JcSdkPolicyGraphPolicyTraverseSystem" executed="True" result="Ignored" success="True" time="0.0371" asserts="0" description="Get-JcSdkPolicyGraphPolicyTraverseSystem">
            <results>
              <test-case description="List" name="Get-JcSdkPolicyGraphPolicyTraverseSystem.List" time="0.0017" asserts="0" success="False" result="Ignored" executed="False" />
            </results>
          </test-suite>
        </results>
      </test-suite>
      <test-suite type="TestFixture" name="D:\a\1\s\AutoRest\SDKs\PowerShell\JumpCloud.SDK.V2\test\Get-JcSdkPolicyGraphPolicyTraverseSystemGroup.Tests.ps1" executed="True" result="Ignored" success="True" time="0.2766" asserts="0" description="D:\a\1\s\AutoRest\SDKs\PowerShell\JumpCloud.SDK.V2\test\Get-JcSdkPolicyGraphPolicyTraverseSystemGroup.Tests.ps1">
        <results>
          <test-suite type="TestFixture" name="Get-JcSdkPolicyGraphPolicyTraverseSystemGroup" executed="True" result="Ignored" success="True" time="0.0359" asserts="0" description="Get-JcSdkPolicyGraphPolicyTraverseSystemGroup">
            <results>
              <test-case description="List" name="Get-JcSdkPolicyGraphPolicyTraverseSystemGroup.List" time="0.0015" asserts="0" success="False" result="Ignored" executed="False" />
            </results>
          </test-suite>
        </results>
      </test-suite>
      <test-suite type="TestFixture" name="D:\a\1\s\AutoRest\SDKs\PowerShell\JumpCloud.SDK.V2\test\Get-JcSdkPolicyResult.Tests.ps1" executed="True" result="Ignored" success="True" time="0.3083" asserts="0" description="D:\a\1\s\AutoRest\SDKs\PowerShell\JumpCloud.SDK.V2\test\Get-JcSdkPolicyResult.Tests.ps1">
        <results>
          <test-suite type="TestFixture" name="Get-JcSdkPolicyResult" executed="True" result="Ignored" success="True" time="0.0636" asserts="0" description="Get-JcSdkPolicyResult">
            <results>
              <test-case description="List1" name="Get-JcSdkPolicyResult.List1" time="0.0021" asserts="0" success="False" result="Ignored" executed="False" />
              <test-case description="Get" name="Get-JcSdkPolicyResult.Get" time="0.0017" asserts="0" success="False" result="Ignored" executed="False" />
              <test-case description="GetViaIdentity" name="Get-JcSdkPolicyResult.GetViaIdentity" time="0.0016" asserts="0" success="False" result="Ignored" executed="False" />
              <test-case description="List" name="Get-JcSdkPolicyResult.List" time="0.002" asserts="0" success="False" result="Ignored" executed="False" />
            </results>
          </test-suite>
        </results>
      </test-suite>
      <test-suite type="TestFixture" name="D:\a\1\s\AutoRest\SDKs\PowerShell\JumpCloud.SDK.V2\test\Get-JcSdkPolicyStatus.Tests.ps1" executed="True" result="Ignored" success="True" time="0.2684" asserts="0" description="D:\a\1\s\AutoRest\SDKs\PowerShell\JumpCloud.SDK.V2\test\Get-JcSdkPolicyStatus.Tests.ps1">
        <results>
          <test-suite type="TestFixture" name="Get-JcSdkPolicyStatus" executed="True" result="Ignored" success="True" time="0.0439" asserts="0" description="Get-JcSdkPolicyStatus">
            <results>
              <test-case description="List" name="Get-JcSdkPolicyStatus.List" time="0.0018" asserts="0" success="False" result="Ignored" executed="False" />
            </results>
          </test-suite>
        </results>
      </test-suite>
      <test-suite type="TestFixture" name="D:\a\1\s\AutoRest\SDKs\PowerShell\JumpCloud.SDK.V2\test\Get-JcSdkPolicyTemplate.Tests.ps1" executed="True" result="Ignored" success="True" time="0.2798" asserts="0" description="D:\a\1\s\AutoRest\SDKs\PowerShell\JumpCloud.SDK.V2\test\Get-JcSdkPolicyTemplate.Tests.ps1">
        <results>
          <test-suite type="TestFixture" name="Get-JcSdkPolicyTemplate" executed="True" result="Ignored" success="True" time="0.0452" asserts="0" description="Get-JcSdkPolicyTemplate">
            <results>
              <test-case description="List" name="Get-JcSdkPolicyTemplate.List" time="0.0015" asserts="0" success="False" result="Ignored" executed="False" />
              <test-case description="Get" name="Get-JcSdkPolicyTemplate.Get" time="0.0014" asserts="0" success="False" result="Ignored" executed="False" />
              <test-case description="GetViaIdentity" name="Get-JcSdkPolicyTemplate.GetViaIdentity" time="0.0013" asserts="0" success="False" result="Ignored" executed="False" />
            </results>
          </test-suite>
        </results>
      </test-suite>
      <test-suite type="TestFixture" name="D:\a\1\s\AutoRest\SDKs\PowerShell\JumpCloud.SDK.V2\test\Get-JcSdkProviderAdministrator.Tests.ps1" executed="True" result="Ignored" success="True" time="0.2739" asserts="0" description="D:\a\1\s\AutoRest\SDKs\PowerShell\JumpCloud.SDK.V2\test\Get-JcSdkProviderAdministrator.Tests.ps1">
        <results>
          <test-suite type="TestFixture" name="Get-JcSdkProviderAdministrator" executed="True" result="Ignored" success="True" time="0.0377" asserts="0" description="Get-JcSdkProviderAdministrator">
            <results>
              <test-case description="List" name="Get-JcSdkProviderAdministrator.List" time="0.0016" asserts="0" success="False" result="Ignored" executed="False" />
            </results>
          </test-suite>
        </results>
      </test-suite>
      <test-suite type="TestFixture" name="D:\a\1\s\AutoRest\SDKs\PowerShell\JumpCloud.SDK.V2\test\Get-JcSdkRadiusServerGraphRadiusServerAssociation.Tests.ps1" executed="True" result="Ignored" success="True" time="0.3259" asserts="0" description="D:\a\1\s\AutoRest\SDKs\PowerShell\JumpCloud.SDK.V2\test\Get-JcSdkRadiusServerGraphRadiusServerAssociation.Tests.ps1">
        <results>
          <test-suite type="TestFixture" name="Get-JcSdkRadiusServerGraphRadiusServerAssociation" executed="True" result="Ignored" success="True" time="0.0773" asserts="0" description="Get-JcSdkRadiusServerGraphRadiusServerAssociation">
            <results>
              <test-case description="List" name="Get-JcSdkRadiusServerGraphRadiusServerAssociation.List" time="0.0015" asserts="0" success="False" result="Ignored" executed="False" />
            </results>
          </test-suite>
        </results>
      </test-suite>
      <test-suite type="TestFixture" name="D:\a\1\s\AutoRest\SDKs\PowerShell\JumpCloud.SDK.V2\test\Get-JcSdkRadiusServerGraphRadiusServerTraverseUser.Tests.ps1" executed="True" result="Ignored" success="True" time="0.2942" asserts="0" description="D:\a\1\s\AutoRest\SDKs\PowerShell\JumpCloud.SDK.V2\test\Get-JcSdkRadiusServerGraphRadiusServerTraverseUser.Tests.ps1">
        <results>
          <test-suite type="TestFixture" name="Get-JcSdkRadiusServerGraphRadiusServerTraverseUser" executed="True" result="Ignored" success="True" time="0.0492" asserts="0" description="Get-JcSdkRadiusServerGraphRadiusServerTraverseUser">
            <results>
              <test-case description="List" name="Get-JcSdkRadiusServerGraphRadiusServerTraverseUser.List" time="0.0022" asserts="0" success="False" result="Ignored" executed="False" />
            </results>
          </test-suite>
        </results>
      </test-suite>
      <test-suite type="TestFixture" name="D:\a\1\s\AutoRest\SDKs\PowerShell\JumpCloud.SDK.V2\test\Get-JcSdkRadiusServerGraphRadiusServerTraverseUserGroup.Tests.ps1" executed="True" result="Ignored" success="True" time="0.2746" asserts="0" description="D:\a\1\s\AutoRest\SDKs\PowerShell\JumpCloud.SDK.V2\test\Get-JcSdkRadiusServerGraphRadiusServerTraverseUserGroup.Tests.ps1">
        <results>
          <test-suite type="TestFixture" name="Get-JcSdkRadiusServerGraphRadiusServerTraverseUserGroup" executed="True" result="Ignored" success="True" time="0.0414" asserts="0" description="Get-JcSdkRadiusServerGraphRadiusServerTraverseUserGroup">
            <results>
              <test-case description="List" name="Get-JcSdkRadiusServerGraphRadiusServerTraverseUserGroup.List" time="0.0016" asserts="0" success="False" result="Ignored" executed="False" />
            </results>
          </test-suite>
        </results>
      </test-suite>
      <test-suite type="TestFixture" name="D:\a\1\s\AutoRest\SDKs\PowerShell\JumpCloud.SDK.V2\test\Get-JcSdkSambaDomainLdapServerSambaDomain.Tests.ps1" executed="True" result="Ignored" success="True" time="0.3238" asserts="0" description="D:\a\1\s\AutoRest\SDKs\PowerShell\JumpCloud.SDK.V2\test\Get-JcSdkSambaDomainLdapServerSambaDomain.Tests.ps1">
        <results>
          <test-suite type="TestFixture" name="Get-JcSdkSambaDomainLdapServerSambaDomain" executed="True" result="Ignored" success="True" time="0.0574" asserts="0" description="Get-JcSdkSambaDomainLdapServerSambaDomain">
            <results>
              <test-case description="List" name="Get-JcSdkSambaDomainLdapServerSambaDomain.List" time="0.0015" asserts="0" success="False" result="Ignored" executed="False" />
              <test-case description="Get" name="Get-JcSdkSambaDomainLdapServerSambaDomain.Get" time="0.0014" asserts="0" success="False" result="Ignored" executed="False" />
              <test-case description="GetViaIdentity" name="Get-JcSdkSambaDomainLdapServerSambaDomain.GetViaIdentity" time="0.0014" asserts="0" success="False" result="Ignored" executed="False" />
            </results>
          </test-suite>
        </results>
      </test-suite>
      <test-suite type="TestFixture" name="D:\a\1\s\AutoRest\SDKs\PowerShell\JumpCloud.SDK.V2\test\Get-JcSdkSystemFdeKey.Tests.ps1" executed="True" result="Ignored" success="True" time="0.3013" asserts="0" description="D:\a\1\s\AutoRest\SDKs\PowerShell\JumpCloud.SDK.V2\test\Get-JcSdkSystemFdeKey.Tests.ps1">
        <results>
          <test-suite type="TestFixture" name="Get-JcSdkSystemFdeKey" executed="True" result="Ignored" success="True" time="0.0534" asserts="0" description="Get-JcSdkSystemFdeKey">
            <results>
              <test-case description="Get" name="Get-JcSdkSystemFdeKey.Get" time="0.0018" asserts="0" success="False" result="Ignored" executed="False" />
              <test-case description="GetViaIdentity" name="Get-JcSdkSystemFdeKey.GetViaIdentity" time="0.0016" asserts="0" success="False" result="Ignored" executed="False" />
            </results>
          </test-suite>
        </results>
      </test-suite>
      <test-suite type="TestFixture" name="D:\a\1\s\AutoRest\SDKs\PowerShell\JumpCloud.SDK.V2\test\Get-JcSdkSystemGraphSystemAssociation.Tests.ps1" executed="True" result="Ignored" success="True" time="0.2748" asserts="0" description="D:\a\1\s\AutoRest\SDKs\PowerShell\JumpCloud.SDK.V2\test\Get-JcSdkSystemGraphSystemAssociation.Tests.ps1">
        <results>
          <test-suite type="TestFixture" name="Get-JcSdkSystemGraphSystemAssociation" executed="True" result="Ignored" success="True" time="0.044" asserts="0" description="Get-JcSdkSystemGraphSystemAssociation">
            <results>
              <test-case description="List" name="Get-JcSdkSystemGraphSystemAssociation.List" time="0.0023" asserts="0" success="False" result="Ignored" executed="False" />
            </results>
          </test-suite>
        </results>
      </test-suite>
      <test-suite type="TestFixture" name="D:\a\1\s\AutoRest\SDKs\PowerShell\JumpCloud.SDK.V2\test\Get-JcSdkSystemGraphSystemMember.Tests.ps1" executed="True" result="Ignored" success="True" time="0.3007" asserts="0" description="D:\a\1\s\AutoRest\SDKs\PowerShell\JumpCloud.SDK.V2\test\Get-JcSdkSystemGraphSystemMember.Tests.ps1">
        <results>
          <test-suite type="TestFixture" name="Get-JcSdkSystemGraphSystemMember" executed="True" result="Ignored" success="True" time="0.0433" asserts="0" description="Get-JcSdkSystemGraphSystemMember">
            <results>
              <test-case description="List" name="Get-JcSdkSystemGraphSystemMember.List" time="0.0016" asserts="0" success="False" result="Ignored" executed="False" />
            </results>
          </test-suite>
        </results>
      </test-suite>
      <test-suite type="TestFixture" name="D:\a\1\s\AutoRest\SDKs\PowerShell\JumpCloud.SDK.V2\test\Get-JcSdkSystemGraphSystemTraverseCommand.Tests.ps1" executed="True" result="Ignored" success="True" time="0.2972" asserts="0" description="D:\a\1\s\AutoRest\SDKs\PowerShell\JumpCloud.SDK.V2\test\Get-JcSdkSystemGraphSystemTraverseCommand.Tests.ps1">
        <results>
          <test-suite type="TestFixture" name="Get-JcSdkSystemGraphSystemTraverseCommand" executed="True" result="Ignored" success="True" time="0.0415" asserts="0" description="Get-JcSdkSystemGraphSystemTraverseCommand">
            <results>
              <test-case description="List" name="Get-JcSdkSystemGraphSystemTraverseCommand.List" time="0.0015" asserts="0" success="False" result="Ignored" executed="False" />
            </results>
          </test-suite>
        </results>
      </test-suite>
      <test-suite type="TestFixture" name="D:\a\1\s\AutoRest\SDKs\PowerShell\JumpCloud.SDK.V2\test\Get-JcSdkSystemGraphSystemTraversePolicy.Tests.ps1" executed="True" result="Ignored" success="True" time="0.3242" asserts="0" description="D:\a\1\s\AutoRest\SDKs\PowerShell\JumpCloud.SDK.V2\test\Get-JcSdkSystemGraphSystemTraversePolicy.Tests.ps1">
        <results>
          <test-suite type="TestFixture" name="Get-JcSdkSystemGraphSystemTraversePolicy" executed="True" result="Ignored" success="True" time="0.0578" asserts="0" description="Get-JcSdkSystemGraphSystemTraversePolicy">
            <results>
              <test-case description="List" name="Get-JcSdkSystemGraphSystemTraversePolicy.List" time="0.002" asserts="0" success="False" result="Ignored" executed="False" />
            </results>
          </test-suite>
        </results>
      </test-suite>
      <test-suite type="TestFixture" name="D:\a\1\s\AutoRest\SDKs\PowerShell\JumpCloud.SDK.V2\test\Get-JcSdkSystemGraphSystemTraverseUser.Tests.ps1" executed="True" result="Ignored" success="True" time="0.309" asserts="0" description="D:\a\1\s\AutoRest\SDKs\PowerShell\JumpCloud.SDK.V2\test\Get-JcSdkSystemGraphSystemTraverseUser.Tests.ps1">
        <results>
          <test-suite type="TestFixture" name="Get-JcSdkSystemGraphSystemTraverseUser" executed="True" result="Ignored" success="True" time="0.0434" asserts="0" description="Get-JcSdkSystemGraphSystemTraverseUser">
            <results>
              <test-case description="List" name="Get-JcSdkSystemGraphSystemTraverseUser.List" time="0.0015" asserts="0" success="False" result="Ignored" executed="False" />
            </results>
          </test-suite>
        </results>
      </test-suite>
      <test-suite type="TestFixture" name="D:\a\1\s\AutoRest\SDKs\PowerShell\JumpCloud.SDK.V2\test\Get-JcSdkSystemGraphSystemTraverseUserGroup.Tests.ps1" executed="True" result="Ignored" success="True" time="0.287" asserts="0" description="D:\a\1\s\AutoRest\SDKs\PowerShell\JumpCloud.SDK.V2\test\Get-JcSdkSystemGraphSystemTraverseUserGroup.Tests.ps1">
        <results>
          <test-suite type="TestFixture" name="Get-JcSdkSystemGraphSystemTraverseUserGroup" executed="True" result="Ignored" success="True" time="0.0435" asserts="0" description="Get-JcSdkSystemGraphSystemTraverseUserGroup">
            <results>
              <test-case description="List" name="Get-JcSdkSystemGraphSystemTraverseUserGroup.List" time="0.0017" asserts="0" success="False" result="Ignored" executed="False" />
            </results>
          </test-suite>
        </results>
      </test-suite>
      <test-suite type="TestFixture" name="D:\a\1\s\AutoRest\SDKs\PowerShell\JumpCloud.SDK.V2\test\Get-JcSdkSystemGroup.Tests.ps1" executed="True" result="Ignored" success="True" time="0.2914" asserts="0" description="D:\a\1\s\AutoRest\SDKs\PowerShell\JumpCloud.SDK.V2\test\Get-JcSdkSystemGroup.Tests.ps1">
        <results>
          <test-suite type="TestFixture" name="Get-JcSdkSystemGroup" executed="True" result="Ignored" success="True" time="0.0643" asserts="0" description="Get-JcSdkSystemGroup">
            <results>
              <test-case description="List" name="Get-JcSdkSystemGroup.List" time="0.0028" asserts="0" success="False" result="Ignored" executed="False" />
              <test-case description="Get" name="Get-JcSdkSystemGroup.Get" time="0.0024" asserts="0" success="False" result="Ignored" executed="False" />
              <test-case description="GetViaIdentity" name="Get-JcSdkSystemGroup.GetViaIdentity" time="0.0026" asserts="0" success="False" result="Ignored" executed="False" />
            </results>
          </test-suite>
        </results>
      </test-suite>
      <test-suite type="TestFixture" name="D:\a\1\s\AutoRest\SDKs\PowerShell\JumpCloud.SDK.V2\test\Get-JcSdkSystemGroupAssociationGraphSystemGroupTraverseCommand.Tests.ps1" executed="True" result="Ignored" success="True" time="0.295" asserts="0" description="D:\a\1\s\AutoRest\SDKs\PowerShell\JumpCloud.SDK.V2\test\Get-JcSdkSystemGroupAssociationGraphSystemGroupTraverseCommand.Tests.ps1">
        <results>
          <test-suite type="TestFixture" name="Get-JcSdkSystemGroupAssociationGraphSystemGroupTraverseCommand" executed="True" result="Ignored" success="True" time="0.051" asserts="0" description="Get-JcSdkSystemGroupAssociationGraphSystemGroupTraverseCommand">
            <results>
              <test-case description="List" name="Get-JcSdkSystemGroupAssociationGraphSystemGroupTraverseCommand.List" time="0.0014" asserts="0" success="False" result="Ignored" executed="False" />
            </results>
          </test-suite>
        </results>
      </test-suite>
      <test-suite type="TestFixture" name="D:\a\1\s\AutoRest\SDKs\PowerShell\JumpCloud.SDK.V2\test\Get-JcSdkSystemGroupAssociationSystemGroupGraphSystemGroupAssociation.Tests.ps1" executed="True" result="Ignored" success="True" time="0.2769" asserts="0" description="D:\a\1\s\AutoRest\SDKs\PowerShell\JumpCloud.SDK.V2\test\Get-JcSdkSystemGroupAssociationSystemGroupGraphSystemGroupAssociation.Tests.ps1">
        <results>
          <test-suite type="TestFixture" name="Get-JcSdkSystemGroupAssociationSystemGroupGraphSystemGroupAssociation" executed="True" result="Ignored" success="True" time="0.0369" asserts="0" description="Get-JcSdkSystemGroupAssociationSystemGroupGraphSystemGroupAssociation">
            <results>
              <test-case description="List" name="Get-JcSdkSystemGroupAssociationSystemGroupGraphSystemGroupAssociation.List" time="0.0017" asserts="0" success="False" result="Ignored" executed="False" />
            </results>
          </test-suite>
        </results>
      </test-suite>
      <test-suite type="TestFixture" name="D:\a\1\s\AutoRest\SDKs\PowerShell\JumpCloud.SDK.V2\test\Get-JcSdkSystemGroupAssociationSystemGroupGraphSystemGroupTraversePolicy.Tests.ps1" executed="True" result="Ignored" success="True" time="0.2753" asserts="0" description="D:\a\1\s\AutoRest\SDKs\PowerShell\JumpCloud.SDK.V2\test\Get-JcSdkSystemGroupAssociationSystemGroupGraphSystemGroupTraversePolicy.Tests.ps1">
        <results>
          <test-suite type="TestFixture" name="Get-JcSdkSystemGroupAssociationSystemGroupGraphSystemGroupTraversePolicy" executed="True" result="Ignored" success="True" time="0.0362" asserts="0" description="Get-JcSdkSystemGroupAssociationSystemGroupGraphSystemGroupTraversePolicy">
            <results>
              <test-case description="List" name="Get-JcSdkSystemGroupAssociationSystemGroupGraphSystemGroupTraversePolicy.List" time="0.0014" asserts="0" success="False" result="Ignored" executed="False" />
            </results>
          </test-suite>
        </results>
      </test-suite>
      <test-suite type="TestFixture" name="D:\a\1\s\AutoRest\SDKs\PowerShell\JumpCloud.SDK.V2\test\Get-JcSdkSystemGroupAssociationSystemGroupGraphSystemGroupTraverseUser.Tests.ps1" executed="True" result="Ignored" success="True" time="0.2663" asserts="0" description="D:\a\1\s\AutoRest\SDKs\PowerShell\JumpCloud.SDK.V2\test\Get-JcSdkSystemGroupAssociationSystemGroupGraphSystemGroupTraverseUser.Tests.ps1">
        <results>
          <test-suite type="TestFixture" name="Get-JcSdkSystemGroupAssociationSystemGroupGraphSystemGroupTraverseUser" executed="True" result="Ignored" success="True" time="0.0415" asserts="0" description="Get-JcSdkSystemGroupAssociationSystemGroupGraphSystemGroupTraverseUser">
            <results>
              <test-case description="List" name="Get-JcSdkSystemGroupAssociationSystemGroupGraphSystemGroupTraverseUser.List" time="0.0033" asserts="0" success="False" result="Ignored" executed="False" />
            </results>
          </test-suite>
        </results>
      </test-suite>
      <test-suite type="TestFixture" name="D:\a\1\s\AutoRest\SDKs\PowerShell\JumpCloud.SDK.V2\test\Get-JcSdkSystemGroupAssociationSystemGroupGraphSystemGroupTraverseUserGroup.Tests.ps1" executed="True" result="Ignored" success="True" time="0.2901" asserts="0" description="D:\a\1\s\AutoRest\SDKs\PowerShell\JumpCloud.SDK.V2\test\Get-JcSdkSystemGroupAssociationSystemGroupGraphSystemGroupTraverseUserGroup.Tests.ps1">
        <results>
          <test-suite type="TestFixture" name="Get-JcSdkSystemGroupAssociationSystemGroupGraphSystemGroupTraverseUserGroup" executed="True" result="Ignored" success="True" time="0.0528" asserts="0" description="Get-JcSdkSystemGroupAssociationSystemGroupGraphSystemGroupTraverseUserGroup">
            <results>
              <test-case description="List" name="Get-JcSdkSystemGroupAssociationSystemGroupGraphSystemGroupTraverseUserGroup.List" time="0.0015" asserts="0" success="False" result="Ignored" executed="False" />
            </results>
          </test-suite>
        </results>
      </test-suite>
      <test-suite type="TestFixture" name="D:\a\1\s\AutoRest\SDKs\PowerShell\JumpCloud.SDK.V2\test\Get-JcSdkSystemGroupMemberMembershipSystemGroupGraphSystemGroupMember.Tests.ps1" executed="True" result="Ignored" success="True" time="0.286" asserts="0" description="D:\a\1\s\AutoRest\SDKs\PowerShell\JumpCloud.SDK.V2\test\Get-JcSdkSystemGroupMemberMembershipSystemGroupGraphSystemGroupMember.Tests.ps1">
        <results>
          <test-suite type="TestFixture" name="Get-JcSdkSystemGroupMemberMembershipSystemGroupGraphSystemGroupMember" executed="True" result="Ignored" success="True" time="0.0363" asserts="0" description="Get-JcSdkSystemGroupMemberMembershipSystemGroupGraphSystemGroupMember">
            <results>
              <test-case description="List" name="Get-JcSdkSystemGroupMemberMembershipSystemGroupGraphSystemGroupMember.List" time="0.0014" asserts="0" success="False" result="Ignored" executed="False" />
            </results>
          </test-suite>
        </results>
      </test-suite>
      <test-suite type="TestFixture" name="D:\a\1\s\AutoRest\SDKs\PowerShell\JumpCloud.SDK.V2\test\Get-JcSdkSystemGroupMemberMembershipSystemGroupGraphSystemGroupMembership.Tests.ps1" executed="True" result="Ignored" success="True" time="0.272" asserts="0" description="D:\a\1\s\AutoRest\SDKs\PowerShell\JumpCloud.SDK.V2\test\Get-JcSdkSystemGroupMemberMembershipSystemGroupGraphSystemGroupMembership.Tests.ps1">
        <results>
          <test-suite type="TestFixture" name="Get-JcSdkSystemGroupMemberMembershipSystemGroupGraphSystemGroupMembership" executed="True" result="Ignored" success="True" time="0.0381" asserts="0" description="Get-JcSdkSystemGroupMemberMembershipSystemGroupGraphSystemGroupMembership">
            <results>
              <test-case description="List" name="Get-JcSdkSystemGroupMemberMembershipSystemGroupGraphSystemGroupMembership.List" time="0.0014" asserts="0" success="False" result="Ignored" executed="False" />
            </results>
          </test-suite>
        </results>
      </test-suite>
      <test-suite type="TestFixture" name="D:\a\1\s\AutoRest\SDKs\PowerShell\JumpCloud.SDK.V2\test\Get-JcSdkSystemGroupSystemInsightAlfExplicitAuth.Tests.ps1" executed="True" result="Ignored" success="True" time="0.2883" asserts="0" description="D:\a\1\s\AutoRest\SDKs\PowerShell\JumpCloud.SDK.V2\test\Get-JcSdkSystemGroupSystemInsightAlfExplicitAuth.Tests.ps1">
        <results>
          <test-suite type="TestFixture" name="Get-JcSdkSystemGroupSystemInsightAlfExplicitAuth" executed="True" result="Ignored" success="True" time="0.0399" asserts="0" description="Get-JcSdkSystemGroupSystemInsightAlfExplicitAuth">
            <results>
              <test-case description="List" name="Get-JcSdkSystemGroupSystemInsightAlfExplicitAuth.List" time="0.002" asserts="0" success="False" result="Ignored" executed="False" />
            </results>
          </test-suite>
        </results>
      </test-suite>
      <test-suite type="TestFixture" name="D:\a\1\s\AutoRest\SDKs\PowerShell\JumpCloud.SDK.V2\test\Get-JcSdkSystemGroupSystemInsightAppCompatShim.Tests.ps1" executed="True" result="Ignored" success="True" time="0.301" asserts="0" description="D:\a\1\s\AutoRest\SDKs\PowerShell\JumpCloud.SDK.V2\test\Get-JcSdkSystemGroupSystemInsightAppCompatShim.Tests.ps1">
        <results>
          <test-suite type="TestFixture" name="Get-JcSdkSystemGroupSystemInsightAppCompatShim" executed="True" result="Ignored" success="True" time="0.0543" asserts="0" description="Get-JcSdkSystemGroupSystemInsightAppCompatShim">
            <results>
              <test-case description="List" name="Get-JcSdkSystemGroupSystemInsightAppCompatShim.List" time="0.0016" asserts="0" success="False" result="Ignored" executed="False" />
            </results>
          </test-suite>
        </results>
      </test-suite>
      <test-suite type="TestFixture" name="D:\a\1\s\AutoRest\SDKs\PowerShell\JumpCloud.SDK.V2\test\Get-JcSdkSystemInsightAlf.Tests.ps1" executed="True" result="Ignored" success="True" time="0.2891" asserts="0" description="D:\a\1\s\AutoRest\SDKs\PowerShell\JumpCloud.SDK.V2\test\Get-JcSdkSystemInsightAlf.Tests.ps1">
        <results>
          <test-suite type="TestFixture" name="Get-JcSdkSystemInsightAlf" executed="True" result="Ignored" success="True" time="0.0384" asserts="0" description="Get-JcSdkSystemInsightAlf">
            <results>
              <test-case description="List" name="Get-JcSdkSystemInsightAlf.List" time="0.0016" asserts="0" success="False" result="Ignored" executed="False" />
            </results>
          </test-suite>
        </results>
      </test-suite>
      <test-suite type="TestFixture" name="D:\a\1\s\AutoRest\SDKs\PowerShell\JumpCloud.SDK.V2\test\Get-JcSdkSystemInsightAlfException.Tests.ps1" executed="True" result="Ignored" success="True" time="0.2806" asserts="0" description="D:\a\1\s\AutoRest\SDKs\PowerShell\JumpCloud.SDK.V2\test\Get-JcSdkSystemInsightAlfException.Tests.ps1">
        <results>
          <test-suite type="TestFixture" name="Get-JcSdkSystemInsightAlfException" executed="True" result="Ignored" success="True" time="0.0358" asserts="0" description="Get-JcSdkSystemInsightAlfException">
            <results>
              <test-case description="List" name="Get-JcSdkSystemInsightAlfException.List" time="0.0016" asserts="0" success="False" result="Ignored" executed="False" />
            </results>
          </test-suite>
        </results>
      </test-suite>
      <test-suite type="TestFixture" name="D:\a\1\s\AutoRest\SDKs\PowerShell\JumpCloud.SDK.V2\test\Get-JcSdkSystemInsightApp.Tests.ps1" executed="True" result="Ignored" success="True" time="0.2797" asserts="0" description="D:\a\1\s\AutoRest\SDKs\PowerShell\JumpCloud.SDK.V2\test\Get-JcSdkSystemInsightApp.Tests.ps1">
        <results>
          <test-suite type="TestFixture" name="Get-JcSdkSystemInsightApp" executed="True" result="Ignored" success="True" time="0.04" asserts="0" description="Get-JcSdkSystemInsightApp">
            <results>
              <test-case description="List" name="Get-JcSdkSystemInsightApp.List" time="0.0016" asserts="0" success="False" result="Ignored" executed="False" />
            </results>
          </test-suite>
        </results>
      </test-suite>
      <test-suite type="TestFixture" name="D:\a\1\s\AutoRest\SDKs\PowerShell\JumpCloud.SDK.V2\test\Get-JcSdkSystemInsightAuthorizedKey.Tests.ps1" executed="True" result="Ignored" success="True" time="0.2968" asserts="0" description="D:\a\1\s\AutoRest\SDKs\PowerShell\JumpCloud.SDK.V2\test\Get-JcSdkSystemInsightAuthorizedKey.Tests.ps1">
        <results>
          <test-suite type="TestFixture" name="Get-JcSdkSystemInsightAuthorizedKey" executed="True" result="Ignored" success="True" time="0.0379" asserts="0" description="Get-JcSdkSystemInsightAuthorizedKey">
            <results>
              <test-case description="List" name="Get-JcSdkSystemInsightAuthorizedKey.List" time="0.0017" asserts="0" success="False" result="Ignored" executed="False" />
            </results>
          </test-suite>
        </results>
      </test-suite>
      <test-suite type="TestFixture" name="D:\a\1\s\AutoRest\SDKs\PowerShell\JumpCloud.SDK.V2\test\Get-JcSdkSystemInsightBattery.Tests.ps1" executed="True" result="Ignored" success="True" time="0.2848" asserts="0" description="D:\a\1\s\AutoRest\SDKs\PowerShell\JumpCloud.SDK.V2\test\Get-JcSdkSystemInsightBattery.Tests.ps1">
        <results>
          <test-suite type="TestFixture" name="Get-JcSdkSystemInsightBattery" executed="True" result="Ignored" success="True" time="0.0392" asserts="0" description="Get-JcSdkSystemInsightBattery">
            <results>
              <test-case description="List" name="Get-JcSdkSystemInsightBattery.List" time="0.0014" asserts="0" success="False" result="Ignored" executed="False" />
            </results>
          </test-suite>
        </results>
      </test-suite>
      <test-suite type="TestFixture" name="D:\a\1\s\AutoRest\SDKs\PowerShell\JumpCloud.SDK.V2\test\Get-JcSdkSystemInsightBitlockerInfo.Tests.ps1" executed="True" result="Ignored" success="True" time="0.2876" asserts="0" description="D:\a\1\s\AutoRest\SDKs\PowerShell\JumpCloud.SDK.V2\test\Get-JcSdkSystemInsightBitlockerInfo.Tests.ps1">
        <results>
          <test-suite type="TestFixture" name="Get-JcSdkSystemInsightBitlockerInfo" executed="True" result="Ignored" success="True" time="0.038" asserts="0" description="Get-JcSdkSystemInsightBitlockerInfo">
            <results>
              <test-case description="List" name="Get-JcSdkSystemInsightBitlockerInfo.List" time="0.0014" asserts="0" success="False" result="Ignored" executed="False" />
            </results>
          </test-suite>
        </results>
      </test-suite>
      <test-suite type="TestFixture" name="D:\a\1\s\AutoRest\SDKs\PowerShell\JumpCloud.SDK.V2\test\Get-JcSdkSystemInsightBrowserPlugin.Tests.ps1" executed="True" result="Ignored" success="True" time="0.4301" asserts="0" description="D:\a\1\s\AutoRest\SDKs\PowerShell\JumpCloud.SDK.V2\test\Get-JcSdkSystemInsightBrowserPlugin.Tests.ps1">
        <results>
          <test-suite type="TestFixture" name="Get-JcSdkSystemInsightBrowserPlugin" executed="True" result="Ignored" success="True" time="0.0346" asserts="0" description="Get-JcSdkSystemInsightBrowserPlugin">
            <results>
              <test-case description="List" name="Get-JcSdkSystemInsightBrowserPlugin.List" time="0.0013" asserts="0" success="False" result="Ignored" executed="False" />
            </results>
          </test-suite>
        </results>
      </test-suite>
      <test-suite type="TestFixture" name="D:\a\1\s\AutoRest\SDKs\PowerShell\JumpCloud.SDK.V2\test\Get-JcSdkSystemInsightCertificate.Tests.ps1" executed="True" result="Ignored" success="True" time="0.3392" asserts="0" description="D:\a\1\s\AutoRest\SDKs\PowerShell\JumpCloud.SDK.V2\test\Get-JcSdkSystemInsightCertificate.Tests.ps1">
        <results>
          <test-suite type="TestFixture" name="Get-JcSdkSystemInsightCertificate" executed="True" result="Ignored" success="True" time="0.0368" asserts="0" description="Get-JcSdkSystemInsightCertificate">
            <results>
              <test-case description="Get" name="Get-JcSdkSystemInsightCertificate.Get" time="0.0015" asserts="0" success="False" result="Ignored" executed="False" />
            </results>
          </test-suite>
        </results>
      </test-suite>
      <test-suite type="TestFixture" name="D:\a\1\s\AutoRest\SDKs\PowerShell\JumpCloud.SDK.V2\test\Get-JcSdkSystemInsightChromeExtension.Tests.ps1" executed="True" result="Ignored" success="True" time="0.3314" asserts="0" description="D:\a\1\s\AutoRest\SDKs\PowerShell\JumpCloud.SDK.V2\test\Get-JcSdkSystemInsightChromeExtension.Tests.ps1">
        <results>
          <test-suite type="TestFixture" name="Get-JcSdkSystemInsightChromeExtension" executed="True" result="Ignored" success="True" time="0.0499" asserts="0" description="Get-JcSdkSystemInsightChromeExtension">
            <results>
              <test-case description="List" name="Get-JcSdkSystemInsightChromeExtension.List" time="0.0013" asserts="0" success="False" result="Ignored" executed="False" />
            </results>
          </test-suite>
        </results>
      </test-suite>
      <test-suite type="TestFixture" name="D:\a\1\s\AutoRest\SDKs\PowerShell\JumpCloud.SDK.V2\test\Get-JcSdkSystemInsightConnectivity.Tests.ps1" executed="True" result="Ignored" success="True" time="0.4128" asserts="0" description="D:\a\1\s\AutoRest\SDKs\PowerShell\JumpCloud.SDK.V2\test\Get-JcSdkSystemInsightConnectivity.Tests.ps1">
        <results>
          <test-suite type="TestFixture" name="Get-JcSdkSystemInsightConnectivity" executed="True" result="Ignored" success="True" time="0.0487" asserts="0" description="Get-JcSdkSystemInsightConnectivity">
            <results>
              <test-case description="List" name="Get-JcSdkSystemInsightConnectivity.List" time="0.0015" asserts="0" success="False" result="Ignored" executed="False" />
            </results>
          </test-suite>
        </results>
      </test-suite>
      <test-suite type="TestFixture" name="D:\a\1\s\AutoRest\SDKs\PowerShell\JumpCloud.SDK.V2\test\Get-JcSdkSystemInsightCrash.Tests.ps1" executed="True" result="Ignored" success="True" time="0.4272" asserts="0" description="D:\a\1\s\AutoRest\SDKs\PowerShell\JumpCloud.SDK.V2\test\Get-JcSdkSystemInsightCrash.Tests.ps1">
        <results>
          <test-suite type="TestFixture" name="Get-JcSdkSystemInsightCrash" executed="True" result="Ignored" success="True" time="0.0377" asserts="0" description="Get-JcSdkSystemInsightCrash">
            <results>
              <test-case description="List" name="Get-JcSdkSystemInsightCrash.List" time="0.0014" asserts="0" success="False" result="Ignored" executed="False" />
            </results>
          </test-suite>
        </results>
      </test-suite>
      <test-suite type="TestFixture" name="D:\a\1\s\AutoRest\SDKs\PowerShell\JumpCloud.SDK.V2\test\Get-JcSdkSystemInsightCupDestination.Tests.ps1" executed="True" result="Ignored" success="True" time="0.3862" asserts="0" description="D:\a\1\s\AutoRest\SDKs\PowerShell\JumpCloud.SDK.V2\test\Get-JcSdkSystemInsightCupDestination.Tests.ps1">
        <results>
          <test-suite type="TestFixture" name="Get-JcSdkSystemInsightCupDestination" executed="True" result="Ignored" success="True" time="0.0406" asserts="0" description="Get-JcSdkSystemInsightCupDestination">
            <results>
              <test-case description="Get" name="Get-JcSdkSystemInsightCupDestination.Get" time="0.0016" asserts="0" success="False" result="Ignored" executed="False" />
            </results>
          </test-suite>
        </results>
      </test-suite>
      <test-suite type="TestFixture" name="D:\a\1\s\AutoRest\SDKs\PowerShell\JumpCloud.SDK.V2\test\Get-JcSdkSystemInsightDiskEncryption.Tests.ps1" executed="True" result="Ignored" success="True" time="0.4166" asserts="0" description="D:\a\1\s\AutoRest\SDKs\PowerShell\JumpCloud.SDK.V2\test\Get-JcSdkSystemInsightDiskEncryption.Tests.ps1">
        <results>
          <test-suite type="TestFixture" name="Get-JcSdkSystemInsightDiskEncryption" executed="True" result="Ignored" success="True" time="0.0524" asserts="0" description="Get-JcSdkSystemInsightDiskEncryption">
            <results>
              <test-case description="List" name="Get-JcSdkSystemInsightDiskEncryption.List" time="0.0027" asserts="0" success="False" result="Ignored" executed="False" />
            </results>
          </test-suite>
        </results>
      </test-suite>
      <test-suite type="TestFixture" name="D:\a\1\s\AutoRest\SDKs\PowerShell\JumpCloud.SDK.V2\test\Get-JcSdkSystemInsightDiskInfo.Tests.ps1" executed="True" result="Ignored" success="True" time="0.4104" asserts="0" description="D:\a\1\s\AutoRest\SDKs\PowerShell\JumpCloud.SDK.V2\test\Get-JcSdkSystemInsightDiskInfo.Tests.ps1">
        <results>
          <test-suite type="TestFixture" name="Get-JcSdkSystemInsightDiskInfo" executed="True" result="Ignored" success="True" time="0.0409" asserts="0" description="Get-JcSdkSystemInsightDiskInfo">
            <results>
              <test-case description="List" name="Get-JcSdkSystemInsightDiskInfo.List" time="0.0017" asserts="0" success="False" result="Ignored" executed="False" />
            </results>
          </test-suite>
        </results>
      </test-suite>
      <test-suite type="TestFixture" name="D:\a\1\s\AutoRest\SDKs\PowerShell\JumpCloud.SDK.V2\test\Get-JcSdkSystemInsightDnsResolver.Tests.ps1" executed="True" result="Ignored" success="True" time="0.4075" asserts="0" description="D:\a\1\s\AutoRest\SDKs\PowerShell\JumpCloud.SDK.V2\test\Get-JcSdkSystemInsightDnsResolver.Tests.ps1">
        <results>
          <test-suite type="TestFixture" name="Get-JcSdkSystemInsightDnsResolver" executed="True" result="Ignored" success="True" time="0.0398" asserts="0" description="Get-JcSdkSystemInsightDnsResolver">
            <results>
              <test-case description="List" name="Get-JcSdkSystemInsightDnsResolver.List" time="0.0015" asserts="0" success="False" result="Ignored" executed="False" />
            </results>
          </test-suite>
        </results>
      </test-suite>
      <test-suite type="TestFixture" name="D:\a\1\s\AutoRest\SDKs\PowerShell\JumpCloud.SDK.V2\test\Get-JcSdkSystemInsightEtcHost.Tests.ps1" executed="True" result="Ignored" success="True" time="0.3958" asserts="0" description="D:\a\1\s\AutoRest\SDKs\PowerShell\JumpCloud.SDK.V2\test\Get-JcSdkSystemInsightEtcHost.Tests.ps1">
        <results>
          <test-suite type="TestFixture" name="Get-JcSdkSystemInsightEtcHost" executed="True" result="Ignored" success="True" time="0.0396" asserts="0" description="Get-JcSdkSystemInsightEtcHost">
            <results>
              <test-case description="List" name="Get-JcSdkSystemInsightEtcHost.List" time="0.0013" asserts="0" success="False" result="Ignored" executed="False" />
            </results>
          </test-suite>
        </results>
      </test-suite>
      <test-suite type="TestFixture" name="D:\a\1\s\AutoRest\SDKs\PowerShell\JumpCloud.SDK.V2\test\Get-JcSdkSystemInsightFirefoxAddon.Tests.ps1" executed="True" result="Ignored" success="True" time="0.4718" asserts="0" description="D:\a\1\s\AutoRest\SDKs\PowerShell\JumpCloud.SDK.V2\test\Get-JcSdkSystemInsightFirefoxAddon.Tests.ps1">
        <results>
          <test-suite type="TestFixture" name="Get-JcSdkSystemInsightFirefoxAddon" executed="True" result="Ignored" success="True" time="0.0556" asserts="0" description="Get-JcSdkSystemInsightFirefoxAddon">
            <results>
              <test-case description="List" name="Get-JcSdkSystemInsightFirefoxAddon.List" time="0.0016" asserts="0" success="False" result="Ignored" executed="False" />
            </results>
          </test-suite>
        </results>
      </test-suite>
      <test-suite type="TestFixture" name="D:\a\1\s\AutoRest\SDKs\PowerShell\JumpCloud.SDK.V2\test\Get-JcSdkSystemInsightGroup.Tests.ps1" executed="True" result="Ignored" success="True" time="0.4537" asserts="0" description="D:\a\1\s\AutoRest\SDKs\PowerShell\JumpCloud.SDK.V2\test\Get-JcSdkSystemInsightGroup.Tests.ps1">
        <results>
          <test-suite type="TestFixture" name="Get-JcSdkSystemInsightGroup" executed="True" result="Ignored" success="True" time="0.0432" asserts="0" description="Get-JcSdkSystemInsightGroup">
            <results>
              <test-case description="List" name="Get-JcSdkSystemInsightGroup.List" time="0.0018" asserts="0" success="False" result="Ignored" executed="False" />
            </results>
          </test-suite>
        </results>
      </test-suite>
      <test-suite type="TestFixture" name="D:\a\1\s\AutoRest\SDKs\PowerShell\JumpCloud.SDK.V2\test\Get-JcSdkSystemInsightIeExtension.Tests.ps1" executed="True" result="Ignored" success="True" time="0.3323" asserts="0" description="D:\a\1\s\AutoRest\SDKs\PowerShell\JumpCloud.SDK.V2\test\Get-JcSdkSystemInsightIeExtension.Tests.ps1">
        <results>
          <test-suite type="TestFixture" name="Get-JcSdkSystemInsightIeExtension" executed="True" result="Ignored" success="True" time="0.0487" asserts="0" description="Get-JcSdkSystemInsightIeExtension">
            <results>
              <test-case description="List" name="Get-JcSdkSystemInsightIeExtension.List" time="0.0024" asserts="0" success="False" result="Ignored" executed="False" />
            </results>
          </test-suite>
        </results>
      </test-suite>
      <test-suite type="TestFixture" name="D:\a\1\s\AutoRest\SDKs\PowerShell\JumpCloud.SDK.V2\test\Get-JcSdkSystemInsightInterfaceAddress.Tests.ps1" executed="True" result="Ignored" success="True" time="0.3389" asserts="0" description="D:\a\1\s\AutoRest\SDKs\PowerShell\JumpCloud.SDK.V2\test\Get-JcSdkSystemInsightInterfaceAddress.Tests.ps1">
        <results>
          <test-suite type="TestFixture" name="Get-JcSdkSystemInsightInterfaceAddress" executed="True" result="Ignored" success="True" time="0.0418" asserts="0" description="Get-JcSdkSystemInsightInterfaceAddress">
            <results>
              <test-case description="List" name="Get-JcSdkSystemInsightInterfaceAddress.List" time="0.0019" asserts="0" success="False" result="Ignored" executed="False" />
            </results>
          </test-suite>
        </results>
      </test-suite>
      <test-suite type="TestFixture" name="D:\a\1\s\AutoRest\SDKs\PowerShell\JumpCloud.SDK.V2\test\Get-JcSdkSystemInsightInterfaceDetail.Tests.ps1" executed="True" result="Ignored" success="True" time="0.3434" asserts="0" description="D:\a\1\s\AutoRest\SDKs\PowerShell\JumpCloud.SDK.V2\test\Get-JcSdkSystemInsightInterfaceDetail.Tests.ps1">
        <results>
          <test-suite type="TestFixture" name="Get-JcSdkSystemInsightInterfaceDetail" executed="True" result="Ignored" success="True" time="0.0603" asserts="0" description="Get-JcSdkSystemInsightInterfaceDetail">
            <results>
              <test-case description="Get" name="Get-JcSdkSystemInsightInterfaceDetail.Get" time="0.0021" asserts="0" success="False" result="Ignored" executed="False" />
            </results>
          </test-suite>
        </results>
      </test-suite>
      <test-suite type="TestFixture" name="D:\a\1\s\AutoRest\SDKs\PowerShell\JumpCloud.SDK.V2\test\Get-JcSdkSystemInsightKernelInfo.Tests.ps1" executed="True" result="Ignored" success="True" time="0.3373" asserts="0" description="D:\a\1\s\AutoRest\SDKs\PowerShell\JumpCloud.SDK.V2\test\Get-JcSdkSystemInsightKernelInfo.Tests.ps1">
        <results>
          <test-suite type="TestFixture" name="Get-JcSdkSystemInsightKernelInfo" executed="True" result="Ignored" success="True" time="0.0428" asserts="0" description="Get-JcSdkSystemInsightKernelInfo">
            <results>
[...]
            </results>
          </test-suite>
        </results>
      </test-suite>
      <test-suite type="TestFixture" name="D:\a\1\s\AutoRest\SDKs\PowerShell\JumpCloud.SDK.V2\test\Set-JcSdkSystemGroup.Tests.ps1" executed="True" result="Ignored" success="True" time="0.2683" asserts="0" description="D:\a\1\s\AutoRest\SDKs\PowerShell\JumpCloud.SDK.V2\test\Set-JcSdkSystemGroup.Tests.ps1">
        <results>
          <test-suite type="TestFixture" name="Set-JcSdkSystemGroup" executed="True" result="Ignored" success="True" time="0.0522" asserts="0" description="Set-JcSdkSystemGroup">
            <results>
              <test-case description="PutExpanded" name="Set-JcSdkSystemGroup.PutExpanded" time="0.0015" asserts="0" success="False" result="Ignored" executed="False" />
              <test-case description="Put" name="Set-JcSdkSystemGroup.Put" time="0.0015" asserts="0" success="False" result="Ignored" executed="False" />
              <test-case description="PutViaIdentityExpanded" name="Set-JcSdkSystemGroup.PutViaIdentityExpanded" time="0.0013" asserts="0" success="False" result="Ignored" executed="False" />
              <test-case description="PutViaIdentity" name="Set-JcSdkSystemGroup.PutViaIdentity" time="0.0015" asserts="0" success="False" result="Ignored" executed="False" />
            </results>
          </test-suite>
        </results>
      </test-suite>
      <test-suite type="TestFixture" name="D:\a\1\s\AutoRest\SDKs\PowerShell\JumpCloud.SDK.V2\test\Set-JcSdkSystemGroupAssociationSystemGroupGraphSystemGroupAssociation.Tests.ps1" executed="True" result="Ignored" success="True" time="0.3068" asserts="0" description="D:\a\1\s\AutoRest\SDKs\PowerShell\JumpCloud.SDK.V2\test\Set-JcSdkSystemGroupAssociationSystemGroupGraphSystemGroupAssociation.Tests.ps1">
        <results>
          <test-suite type="TestFixture" name="Set-JcSdkSystemGroupAssociationSystemGroupGraphSystemGroupAssociation" executed="True" result="Ignored" success="True" time="0.0516" asserts="0" description="Set-JcSdkSystemGroupAssociationSystemGroupGraphSystemGroupAssociation">
            <results>
              <test-case description="SetExpanded" name="Set-JcSdkSystemGroupAssociationSystemGroupGraphSystemGroupAssociation.SetExpanded" time="0.0016" asserts="0" success="False" result="Ignored" executed="False" />
              <test-case description="Set" name="Set-JcSdkSystemGroupAssociationSystemGroupGraphSystemGroupAssociation.Set" time="0.0013" asserts="0" success="False" result="Ignored" executed="False" />
              <test-case description="SetViaIdentityExpanded" name="Set-JcSdkSystemGroupAssociationSystemGroupGraphSystemGroupAssociation.SetViaIdentityExpanded" time="0.0015" asserts="0" success="False" result="Ignored" executed="False" />
              <test-case description="SetViaIdentity" name="Set-JcSdkSystemGroupAssociationSystemGroupGraphSystemGroupAssociation.SetViaIdentity" time="0.0018" asserts="0" success="False" result="Ignored" executed="False" />
            </results>
          </test-suite>
        </results>
      </test-suite>
      <test-suite type="TestFixture" name="D:\a\1\s\AutoRest\SDKs\PowerShell\JumpCloud.SDK.V2\test\Set-JcSdkSystemGroupMemberMembershipSystemGroupGraphSystemGroupMember.Tests.ps1" executed="True" result="Ignored" success="True" time="0.3174" asserts="0" description="D:\a\1\s\AutoRest\SDKs\PowerShell\JumpCloud.SDK.V2\test\Set-JcSdkSystemGroupMemberMembershipSystemGroupGraphSystemGroupMember.Tests.ps1">
        <results>
          <test-suite type="TestFixture" name="Set-JcSdkSystemGroupMemberMembershipSystemGroupGraphSystemGroupMember" executed="True" result="Ignored" success="True" time="0.059" asserts="0" description="Set-JcSdkSystemGroupMemberMembershipSystemGroupGraphSystemGroupMember">
            <results>
              <test-case description="SetExpanded" name="Set-JcSdkSystemGroupMemberMembershipSystemGroupGraphSystemGroupMember.SetExpanded" time="0.0015" asserts="0" success="False" result="Ignored" executed="False" />
              <test-case description="Set" name="Set-JcSdkSystemGroupMemberMembershipSystemGroupGraphSystemGroupMember.Set" time="0.0018" asserts="0" success="False" result="Ignored" executed="False" />
              <test-case description="SetViaIdentityExpanded" name="Set-JcSdkSystemGroupMemberMembershipSystemGroupGraphSystemGroupMember.SetViaIdentityExpanded" time="0.0144" asserts="0" success="False" result="Ignored" executed="False" />
              <test-case description="SetViaIdentity" name="Set-JcSdkSystemGroupMemberMembershipSystemGroupGraphSystemGroupMember.SetViaIdentity" time="0.0017" asserts="0" success="False" result="Ignored" executed="False" />
            </results>
          </test-suite>
        </results>
      </test-suite>
      <test-suite type="TestFixture" name="D:\a\1\s\AutoRest\SDKs\PowerShell\JumpCloud.SDK.V2\test\Set-JcSdkUserGraphUserAssociation.Tests.ps1" executed="True" result="Ignored" success="True" time="0.3235" asserts="0" description="D:\a\1\s\AutoRest\SDKs\PowerShell\JumpCloud.SDK.V2\test\Set-JcSdkUserGraphUserAssociation.Tests.ps1">
        <results>
          <test-suite type="TestFixture" name="Set-JcSdkUserGraphUserAssociation" executed="True" result="Ignored" success="True" time="0.056" asserts="0" description="Set-JcSdkUserGraphUserAssociation">
            <results>
              <test-case description="SetExpanded" name="Set-JcSdkUserGraphUserAssociation.SetExpanded" time="0.0025" asserts="0" success="False" result="Ignored" executed="False" />
              <test-case description="Set" name="Set-JcSdkUserGraphUserAssociation.Set" time="0.0019" asserts="0" success="False" result="Ignored" executed="False" />
              <test-case description="SetViaIdentityExpanded" name="Set-JcSdkUserGraphUserAssociation.SetViaIdentityExpanded" time="0.002" asserts="0" success="False" result="Ignored" executed="False" />
              <test-case description="SetViaIdentity" name="Set-JcSdkUserGraphUserAssociation.SetViaIdentity" time="0.0022" asserts="0" success="False" result="Ignored" executed="False" />
            </results>
          </test-suite>
        </results>
      </test-suite>
      <test-suite type="TestFixture" name="D:\a\1\s\AutoRest\SDKs\PowerShell\JumpCloud.SDK.V2\test\Set-JcSdkUserGroup.Tests.ps1" executed="True" result="Ignored" success="True" time="0.3217" asserts="0" description="D:\a\1\s\AutoRest\SDKs\PowerShell\JumpCloud.SDK.V2\test\Set-JcSdkUserGroup.Tests.ps1">
        <results>
          <test-suite type="TestFixture" name="Set-JcSdkUserGroup" executed="True" result="Ignored" success="True" time="0.0482" asserts="0" description="Set-JcSdkUserGroup">
            <results>
              <test-case description="PutExpanded" name="Set-JcSdkUserGroup.PutExpanded" time="0.0025" asserts="0" success="False" result="Ignored" executed="False" />
              <test-case description="Put" name="Set-JcSdkUserGroup.Put" time="0.0018" asserts="0" success="False" result="Ignored" executed="False" />
              <test-case description="PutViaIdentityExpanded" name="Set-JcSdkUserGroup.PutViaIdentityExpanded" time="0.0014" asserts="0" success="False" result="Ignored" executed="False" />
              <test-case description="PutViaIdentity" name="Set-JcSdkUserGroup.PutViaIdentity" time="0.0014" asserts="0" success="False" result="Ignored" executed="False" />
            </results>
          </test-suite>
        </results>
      </test-suite>
      <test-suite type="TestFixture" name="D:\a\1\s\AutoRest\SDKs\PowerShell\JumpCloud.SDK.V2\test\Set-JcSdkUserGroupAssociationUserGroupGraphUserGroupAssociation.Tests.ps1" executed="True" result="Ignored" success="True" time="0.3117" asserts="0" description="D:\a\1\s\AutoRest\SDKs\PowerShell\JumpCloud.SDK.V2\test\Set-JcSdkUserGroupAssociationUserGroupGraphUserGroupAssociation.Tests.ps1">
        <results>
          <test-suite type="TestFixture" name="Set-JcSdkUserGroupAssociationUserGroupGraphUserGroupAssociation" executed="True" result="Ignored" success="True" time="0.0689" asserts="0" description="Set-JcSdkUserGroupAssociationUserGroupGraphUserGroupAssociation">
            <results>
              <test-case description="SetExpanded" name="Set-JcSdkUserGroupAssociationUserGroupGraphUserGroupAssociation.SetExpanded" time="0.0015" asserts="0" success="False" result="Ignored" executed="False" />
              <test-case description="Set" name="Set-JcSdkUserGroupAssociationUserGroupGraphUserGroupAssociation.Set" time="0.0015" asserts="0" success="False" result="Ignored" executed="False" />
              <test-case description="SetViaIdentityExpanded" name="Set-JcSdkUserGroupAssociationUserGroupGraphUserGroupAssociation.SetViaIdentityExpanded" time="0.0024" asserts="0" success="False" result="Ignored" executed="False" />
              <test-case description="SetViaIdentity" name="Set-JcSdkUserGroupAssociationUserGroupGraphUserGroupAssociation.SetViaIdentity" time="0.0019" asserts="0" success="False" result="Ignored" executed="False" />
            </results>
          </test-suite>
        </results>
      </test-suite>
      <test-suite type="TestFixture" name="D:\a\1\s\AutoRest\SDKs\PowerShell\JumpCloud.SDK.V2\test\Set-JcSdkUserGroupMemberMembershipUserGroupGraphUserGroupMember.Tests.ps1" executed="True" result="Ignored" success="True" time="0.3103" asserts="0" description="D:\a\1\s\AutoRest\SDKs\PowerShell\JumpCloud.SDK.V2\test\Set-JcSdkUserGroupMemberMembershipUserGroupGraphUserGroupMember.Tests.ps1">
        <results>
          <test-suite type="TestFixture" name="Set-JcSdkUserGroupMemberMembershipUserGroupGraphUserGroupMember" executed="True" result="Ignored" success="True" time="0.0506" asserts="0" description="Set-JcSdkUserGroupMemberMembershipUserGroupGraphUserGroupMember">
            <results>
              <test-case description="SetExpanded" name="Set-JcSdkUserGroupMemberMembershipUserGroupGraphUserGroupMember.SetExpanded" time="0.0016" asserts="0" success="False" result="Ignored" executed="False" />
              <test-case description="Set" name="Set-JcSdkUserGroupMemberMembershipUserGroupGraphUserGroupMember.Set" time="0.0014" asserts="0" success="False" result="Ignored" executed="False" />
              <test-case description="SetViaIdentityExpanded" name="Set-JcSdkUserGroupMemberMembershipUserGroupGraphUserGroupMember.SetViaIdentityExpanded" time="0.0022" asserts="0" success="False" result="Ignored" executed="False" />
              <test-case description="SetViaIdentity" name="Set-JcSdkUserGroupMemberMembershipUserGroupGraphUserGroupMember.SetViaIdentity" time="0.0014" asserts="0" success="False" result="Ignored" executed="False" />
            </results>
          </test-suite>
        </results>
      </test-suite>
      <test-suite type="TestFixture" name="D:\a\1\s\AutoRest\SDKs\PowerShell\JumpCloud.SDK.V2\test\Set-JcSdkWorkdayImportWorkday.Tests.ps1" executed="True" result="Ignored" success="True" time="0.2929" asserts="0" description="D:\a\1\s\AutoRest\SDKs\PowerShell\JumpCloud.SDK.V2\test\Set-JcSdkWorkdayImportWorkday.Tests.ps1">
        <results>
          <test-suite type="TestFixture" name="Set-JcSdkWorkdayImportWorkday" executed="True" result="Ignored" success="True" time="0.0454" asserts="0" description="Set-JcSdkWorkdayImportWorkday">
            <results>
              <test-case description="PutExpanded" name="Set-JcSdkWorkdayImportWorkday.PutExpanded" time="0.0015" asserts="0" success="False" result="Ignored" executed="False" />
              <test-case description="Put" name="Set-JcSdkWorkdayImportWorkday.Put" time="0.0016" asserts="0" success="False" result="Ignored" executed="False" />
              <test-case description="PutViaIdentityExpanded" name="Set-JcSdkWorkdayImportWorkday.PutViaIdentityExpanded" time="0.0014" asserts="0" success="False" result="Ignored" executed="False" />
              <test-case description="PutViaIdentity" name="Set-JcSdkWorkdayImportWorkday.PutViaIdentity" time="0.0015" asserts="0" success="False" result="Ignored" executed="False" />
            </results>
          </test-suite>
        </results>
      </test-suite>
      <test-suite type="TestFixture" name="D:\a\1\s\AutoRest\SDKs\PowerShell\JumpCloud.SDK.V2\test\Stop-JcSdkAppleMdmDevice.Tests.ps1" executed="True" result="Ignored" success="True" time="0.3012" asserts="0" description="D:\a\1\s\AutoRest\SDKs\PowerShell\JumpCloud.SDK.V2\test\Stop-JcSdkAppleMdmDevice.Tests.ps1">
        <results>
          <test-suite type="TestFixture" name="Stop-JcSdkAppleMdmDevice" executed="True" result="Ignored" success="True" time="0.0387" asserts="0" description="Stop-JcSdkAppleMdmDevice">
            <results>
              <test-case description="Shutdown" name="Stop-JcSdkAppleMdmDevice.Shutdown" time="0.0014" asserts="0" success="False" result="Ignored" executed="False" />
              <test-case description="ShutdownViaIdentity" name="Stop-JcSdkAppleMdmDevice.ShutdownViaIdentity" time="0.0018" asserts="0" success="False" result="Ignored" executed="False" />
            </results>
          </test-suite>
        </results>
      </test-suite>
      <test-suite type="TestFixture" name="D:\a\1\s\AutoRest\SDKs\PowerShell\JumpCloud.SDK.V2\test\Update-JcSdkAppleMdmDevice.Tests.ps1" executed="True" result="Ignored" success="True" time="0.3169" asserts="0" description="D:\a\1\s\AutoRest\SDKs\PowerShell\JumpCloud.SDK.V2\test\Update-JcSdkAppleMdmDevice.Tests.ps1">
        <results>
          <test-suite type="TestFixture" name="Update-JcSdkAppleMdmDevice" executed="True" result="Ignored" success="True" time="0.056" asserts="0" description="Update-JcSdkAppleMdmDevice">
            <results>
              <test-case description="Refresh" name="Update-JcSdkAppleMdmDevice.Refresh" time="0.0014" asserts="0" success="False" result="Ignored" executed="False" />
              <test-case description="RefreshViaIdentity" name="Update-JcSdkAppleMdmDevice.RefreshViaIdentity" time="0.0013" asserts="0" success="False" result="Ignored" executed="False" />
            </results>
          </test-suite>
        </results>
      </test-suite>
      <test-suite type="TestFixture" name="D:\a\1\s\AutoRest\SDKs\PowerShell\JumpCloud.SDK.V2\test\Update-JcSdkBulkJobRequestBulkUser.Tests.ps1" executed="True" result="Ignored" success="True" time="0.3278" asserts="0" description="D:\a\1\s\AutoRest\SDKs\PowerShell\JumpCloud.SDK.V2\test\Update-JcSdkBulkJobRequestBulkUser.Tests.ps1">
        <results>
          <test-suite type="TestFixture" name="Update-JcSdkBulkJobRequestBulkUser" executed="True" result="Ignored" success="True" time="0.0492" asserts="0" description="Update-JcSdkBulkJobRequestBulkUser">
            <results>
              <test-case description="Patch" name="Update-JcSdkBulkJobRequestBulkUser.Patch" time="0.0017" asserts="0" success="False" result="Ignored" executed="False" />
            </results>
          </test-suite>
        </results>
      </test-suite>
      <test-suite type="TestFixture" name="D:\a\1\s\AutoRest\SDKs\PowerShell\JumpCloud.SDK.V2\test\Update-JcSdkGSuite.Tests.ps1" executed="True" result="Ignored" success="True" time="0.2931" asserts="0" description="D:\a\1\s\AutoRest\SDKs\PowerShell\JumpCloud.SDK.V2\test\Update-JcSdkGSuite.Tests.ps1">
        <results>
          <test-suite type="TestFixture" name="Update-JcSdkGSuite" executed="True" result="Ignored" success="True" time="0.0444" asserts="0" description="Update-JcSdkGSuite">
            <results>
              <test-case description="PatchExpanded" name="Update-JcSdkGSuite.PatchExpanded" time="0.0019" asserts="0" success="False" result="Ignored" executed="False" />
              <test-case description="Patch" name="Update-JcSdkGSuite.Patch" time="0.0014" asserts="0" success="False" result="Ignored" executed="False" />
              <test-case description="PatchViaIdentityExpanded" name="Update-JcSdkGSuite.PatchViaIdentityExpanded" time="0.0014" asserts="0" success="False" result="Ignored" executed="False" />
              <test-case description="PatchViaIdentity" name="Update-JcSdkGSuite.PatchViaIdentity" time="0.0013" asserts="0" success="False" result="Ignored" executed="False" />
            </results>
          </test-suite>
        </results>
      </test-suite>
      <test-suite type="TestFixture" name="D:\a\1\s\AutoRest\SDKs\PowerShell\JumpCloud.SDK.V2\test\Update-JcSdkLdapServer.Tests.ps1" executed="True" result="Ignored" success="True" time="0.2762" asserts="0" description="D:\a\1\s\AutoRest\SDKs\PowerShell\JumpCloud.SDK.V2\test\Update-JcSdkLdapServer.Tests.ps1">
        <results>
          <test-suite type="TestFixture" name="Update-JcSdkLdapServer" executed="True" result="Ignored" success="True" time="0.0452" asserts="0" description="Update-JcSdkLdapServer">
            <results>
              <test-case description="PatchExpanded" name="Update-JcSdkLdapServer.PatchExpanded" time="0.0014" asserts="0" success="False" result="Ignored" executed="False" />
              <test-case description="PatchViaIdentityExpanded" name="Update-JcSdkLdapServer.PatchViaIdentityExpanded" time="0.0015" asserts="0" success="False" result="Ignored" executed="False" />
              <test-case description="Patch" name="Update-JcSdkLdapServer.Patch" time="0.0015" asserts="0" success="False" result="Ignored" executed="False" />
              <test-case description="PatchViaIdentity" name="Update-JcSdkLdapServer.PatchViaIdentity" time="0.0013" asserts="0" success="False" result="Ignored" executed="False" />
            </results>
          </test-suite>
        </results>
      </test-suite>
      <test-suite type="TestFixture" name="D:\a\1\s\AutoRest\SDKs\PowerShell\JumpCloud.SDK.V2\test\Update-JcSdkOffice365.Tests.ps1" executed="True" result="Ignored" success="True" time="0.2901" asserts="0" description="D:\a\1\s\AutoRest\SDKs\PowerShell\JumpCloud.SDK.V2\test\Update-JcSdkOffice365.Tests.ps1">
        <results>
          <test-suite type="TestFixture" name="Update-JcSdkOffice365" executed="True" result="Ignored" success="True" time="0.0559" asserts="0" description="Update-JcSdkOffice365">
            <results>
              <test-case description="PatchExpanded" name="Update-JcSdkOffice365.PatchExpanded" time="0.0014" asserts="0" success="False" result="Ignored" executed="False" />
              <test-case description="Patch" name="Update-JcSdkOffice365.Patch" time="0.0013" asserts="0" success="False" result="Ignored" executed="False" />
              <test-case description="PatchViaIdentityExpanded" name="Update-JcSdkOffice365.PatchViaIdentityExpanded" time="0.0014" asserts="0" success="False" result="Ignored" executed="False" />
              <test-case description="PatchViaIdentity" name="Update-JcSdkOffice365.PatchViaIdentity" time="0.0013" asserts="0" success="False" result="Ignored" executed="False" />
            </results>
          </test-suite>
        </results>
      </test-suite>
      <test-suite type="TestFixture" name="D:\a\1\s\AutoRest\SDKs\PowerShell\JumpCloud.SDK.V2\test\Common\HelpFiles.Tests.ps1" executed="True" result="Success" success="True" time="0.03" asserts="0" description="D:\a\1\s\AutoRest\SDKs\PowerShell\JumpCloud.SDK.V2\test\Common\HelpFiles.Tests.ps1">
        <results>
          <test-suite type="TestFixture" name="Help File Tests" executed="True" result="Success" success="True" time="0" asserts="0" description="Help File Tests">
            <results>
              <test-suite type="TestFixture" name="Help File Tests.Validating help file fields have been populated" executed="True" result="Success" success="True" time="0" asserts="0" description="Help File Tests.Validating help file fields have been populated">
                <results />
              </test-suite>
            </results>
          </test-suite>
        </results>
      </test-suite>
    </results>
  </test-suite>
</test-results>