<?xml version="1.0" encoding="utf-8" standalone="no"?>
<test-results xmlns:xsi="http://www.w3.org/2001/XMLSchema-instance" xsi:noNamespaceSchemaLocation="nunit_schema_2.5.xsd" name="Pester" total="182" errors="0" failures="1" not-run="0" inconclusive="0" ignored="0" skipped="181" invalid="0" date="2020-07-01" time="14:28:21">
  <environment nunit-version="2.5.8.0" os-version="10.0.17763" user="VssAdministrator" cwd="D:\a\1\s\AutoRest\SDKs\PowerShell\JumpCloud.SDK.V1" user-domain="fv-az686" platform="Microsoft Windows Server 2019 Datacenter|C:\windows|\Device\Harddisk0\Partition2" clr-version="Unknown" machine-name="fv-az686" />
  <culture-info current-culture="en-US" current-uiculture="en-US" />
  <test-suite type="TestFixture" name="Pester" executed="True" result="Failure" success="False" time="13.9253" asserts="0" description="Pester">
    <results>
      <test-suite type="TestFixture" name="D:\a\1\s\AutoRest\SDKs\PowerShell\JumpCloud.SDK.V1\test\Get-JCApplication.Tests.ps1" executed="True" result="Ignored" success="True" time="0.7784" asserts="0" description="D:\a\1\s\AutoRest\SDKs\PowerShell\JumpCloud.SDK.V1\test\Get-JCApplication.Tests.ps1">
        <results>
          <test-suite type="TestFixture" name="Get-JCApplication" executed="True" result="Ignored" success="True" time="0.3192" asserts="0" description="Get-JCApplication">
            <results>
              <test-case description="List" name="Get-JCApplication.List" time="0.0457" asserts="0" success="False" result="Ignored" executed="False" />
              <test-case description="Get" name="Get-JCApplication.Get" time="0.0017" asserts="0" success="False" result="Ignored" executed="False" />
              <test-case description="GetViaIdentity" name="Get-JCApplication.GetViaIdentity" time="0.0029" asserts="0" success="False" result="Ignored" executed="False" />
            </results>
          </test-suite>
        </results>
      </test-suite>
      <test-suite type="TestFixture" name="D:\a\1\s\AutoRest\SDKs\PowerShell\JumpCloud.SDK.V1\test\Get-JCApplicationTemplate.Tests.ps1" executed="True" result="Ignored" success="True" time="0.2123" asserts="0" description="D:\a\1\s\AutoRest\SDKs\PowerShell\JumpCloud.SDK.V1\test\Get-JCApplicationTemplate.Tests.ps1">
        <results>
          <test-suite type="TestFixture" name="Get-JCApplicationTemplate" executed="True" result="Ignored" success="True" time="0.0405" asserts="0" description="Get-JCApplicationTemplate">
            <results>
              <test-case description="List" name="Get-JCApplicationTemplate.List" time="0.0017" asserts="0" success="False" result="Ignored" executed="False" />
              <test-case description="Get" name="Get-JCApplicationTemplate.Get" time="0.0016" asserts="0" success="False" result="Ignored" executed="False" />
              <test-case description="GetViaIdentity" name="Get-JCApplicationTemplate.GetViaIdentity" time="0.0018" asserts="0" success="False" result="Ignored" executed="False" />
            </results>
          </test-suite>
        </results>
      </test-suite>
      <test-suite type="TestFixture" name="D:\a\1\s\AutoRest\SDKs\PowerShell\JumpCloud.SDK.V1\test\Get-JCCommand.Tests.ps1" executed="True" result="Ignored" success="True" time="0.212" asserts="0" description="D:\a\1\s\AutoRest\SDKs\PowerShell\JumpCloud.SDK.V1\test\Get-JCCommand.Tests.ps1">
        <results>
          <test-suite type="TestFixture" name="Get-JCCommand" executed="True" result="Ignored" success="True" time="0.0396" asserts="0" description="Get-JCCommand">
            <results>
              <test-case description="List" name="Get-JCCommand.List" time="0.0016" asserts="0" success="False" result="Ignored" executed="False" />
              <test-case description="Get" name="Get-JCCommand.Get" time="0.0016" asserts="0" success="False" result="Ignored" executed="False" />
              <test-case description="GetViaIdentity" name="Get-JCCommand.GetViaIdentity" time="0.0016" asserts="0" success="False" result="Ignored" executed="False" />
            </results>
          </test-suite>
        </results>
      </test-suite>
      <test-suite type="TestFixture" name="D:\a\1\s\AutoRest\SDKs\PowerShell\JumpCloud.SDK.V1\test\Get-JCCommandFile.Tests.ps1" executed="True" result="Ignored" success="True" time="0.4239" asserts="0" description="D:\a\1\s\AutoRest\SDKs\PowerShell\JumpCloud.SDK.V1\test\Get-JCCommandFile.Tests.ps1">
        <results>
          <test-suite type="TestFixture" name="Get-JCCommandFile" executed="True" result="Ignored" success="True" time="0.0476" asserts="0" description="Get-JCCommandFile">
            <results>
              <test-case description="Get" name="Get-JCCommandFile.Get" time="0.0017" asserts="0" success="False" result="Ignored" executed="False" />
              <test-case description="GetViaIdentity" name="Get-JCCommandFile.GetViaIdentity" time="0.0017" asserts="0" success="False" result="Ignored" executed="False" />
            </results>
          </test-suite>
        </results>
      </test-suite>
      <test-suite type="TestFixture" name="D:\a\1\s\AutoRest\SDKs\PowerShell\JumpCloud.SDK.V1\test\Get-JCCommandResult.Tests.ps1" executed="True" result="Ignored" success="True" time="0.2058" asserts="0" description="D:\a\1\s\AutoRest\SDKs\PowerShell\JumpCloud.SDK.V1\test\Get-JCCommandResult.Tests.ps1">
        <results>
          <test-suite type="TestFixture" name="Get-JCCommandResult" executed="True" result="Ignored" success="True" time="0.0411" asserts="0" description="Get-JCCommandResult">
            <results>
              <test-case description="List" name="Get-JCCommandResult.List" time="0.0016" asserts="0" success="False" result="Ignored" executed="False" />
              <test-case description="Get" name="Get-JCCommandResult.Get" time="0.0016" asserts="0" success="False" result="Ignored" executed="False" />
              <test-case description="GetViaIdentity" name="Get-JCCommandResult.GetViaIdentity" time="0.0015" asserts="0" success="False" result="Ignored" executed="False" />
            </results>
          </test-suite>
        </results>
      </test-suite>
      <test-suite type="TestFixture" name="D:\a\1\s\AutoRest\SDKs\PowerShell\JumpCloud.SDK.V1\test\Get-JCOrganization.Tests.ps1" executed="True" result="Ignored" success="True" time="0.2419" asserts="0" description="D:\a\1\s\AutoRest\SDKs\PowerShell\JumpCloud.SDK.V1\test\Get-JCOrganization.Tests.ps1">
        <results>
          <test-suite type="TestFixture" name="Get-JCOrganization" executed="True" result="Ignored" success="True" time="0.0384" asserts="0" description="Get-JCOrganization">
            <results>
              <test-case description="List" name="Get-JCOrganization.List" time="0.0018" asserts="0" success="False" result="Ignored" executed="False" />
              <test-case description="Get" name="Get-JCOrganization.Get" time="0.0015" asserts="0" success="False" result="Ignored" executed="False" />
              <test-case description="GetViaIdentity" name="Get-JCOrganization.GetViaIdentity" time="0.0017" asserts="0" success="False" result="Ignored" executed="False" />
            </results>
          </test-suite>
        </results>
      </test-suite>
      <test-suite type="TestFixture" name="D:\a\1\s\AutoRest\SDKs\PowerShell\JumpCloud.SDK.V1\test\Get-JCRadiusServer.Tests.ps1" executed="True" result="Ignored" success="True" time="0.2148" asserts="0" description="D:\a\1\s\AutoRest\SDKs\PowerShell\JumpCloud.SDK.V1\test\Get-JCRadiusServer.Tests.ps1">
        <results>
          <test-suite type="TestFixture" name="Get-JCRadiusServer" executed="True" result="Ignored" success="True" time="0.0482" asserts="0" description="Get-JCRadiusServer">
            <results>
              <test-case description="List" name="Get-JCRadiusServer.List" time="0.0016" asserts="0" success="False" result="Ignored" executed="False" />
              <test-case description="Get" name="Get-JCRadiusServer.Get" time="0.0016" asserts="0" success="False" result="Ignored" executed="False" />
              <test-case description="GetViaIdentity" name="Get-JCRadiusServer.GetViaIdentity" time="0.0015" asserts="0" success="False" result="Ignored" executed="False" />
            </results>
          </test-suite>
        </results>
      </test-suite>
      <test-suite type="TestFixture" name="D:\a\1\s\AutoRest\SDKs\PowerShell\JumpCloud.SDK.V1\test\Get-JcSdkApplication.Tests.ps1" executed="True" result="Ignored" success="True" time="0.2104" asserts="0" description="D:\a\1\s\AutoRest\SDKs\PowerShell\JumpCloud.SDK.V1\test\Get-JcSdkApplication.Tests.ps1">
        <results>
          <test-suite type="TestFixture" name="Get-JcSdkApplication" executed="True" result="Ignored" success="True" time="0.0387" asserts="0" description="Get-JcSdkApplication">
            <results>
              <test-case description="List" name="Get-JcSdkApplication.List" time="0.0016" asserts="0" success="False" result="Ignored" executed="False" />
              <test-case description="Get" name="Get-JcSdkApplication.Get" time="0.0015" asserts="0" success="False" result="Ignored" executed="False" />
              <test-case description="GetViaIdentity" name="Get-JcSdkApplication.GetViaIdentity" time="0.0014" asserts="0" success="False" result="Ignored" executed="False" />
            </results>
          </test-suite>
        </results>
      </test-suite>
      <test-suite type="TestFixture" name="D:\a\1\s\AutoRest\SDKs\PowerShell\JumpCloud.SDK.V1\test\Get-JcSdkApplicationTemplate.Tests.ps1" executed="True" result="Ignored" success="True" time="0.1841" asserts="0" description="D:\a\1\s\AutoRest\SDKs\PowerShell\JumpCloud.SDK.V1\test\Get-JcSdkApplicationTemplate.Tests.ps1">
        <results>
          <test-suite type="TestFixture" name="Get-JcSdkApplicationTemplate" executed="True" result="Ignored" success="True" time="0.0359" asserts="0" description="Get-JcSdkApplicationTemplate">
            <results>
              <test-case description="List" name="Get-JcSdkApplicationTemplate.List" time="0.0014" asserts="0" success="False" result="Ignored" executed="False" />
              <test-case description="Get" name="Get-JcSdkApplicationTemplate.Get" time="0.0013" asserts="0" success="False" result="Ignored" executed="False" />
              <test-case description="GetViaIdentity" name="Get-JcSdkApplicationTemplate.GetViaIdentity" time="0.0017" asserts="0" success="False" result="Ignored" executed="False" />
            </results>
          </test-suite>
        </results>
      </test-suite>
      <test-suite type="TestFixture" name="D:\a\1\s\AutoRest\SDKs\PowerShell\JumpCloud.SDK.V1\test\Get-JcSdkCommand.Tests.ps1" executed="True" result="Ignored" success="True" time="0.2" asserts="0" description="D:\a\1\s\AutoRest\SDKs\PowerShell\JumpCloud.SDK.V1\test\Get-JcSdkCommand.Tests.ps1">
        <results>
          <test-suite type="TestFixture" name="Get-JcSdkCommand" executed="True" result="Ignored" success="True" time="0.0406" asserts="0" description="Get-JcSdkCommand">
            <results>
              <test-case description="List" name="Get-JcSdkCommand.List" time="0.0016" asserts="0" success="False" result="Ignored" executed="False" />
              <test-case description="Get" name="Get-JcSdkCommand.Get" time="0.0017" asserts="0" success="False" result="Ignored" executed="False" />
              <test-case description="GetViaIdentity" name="Get-JcSdkCommand.GetViaIdentity" time="0.0014" asserts="0" success="False" result="Ignored" executed="False" />
            </results>
          </test-suite>
        </results>
      </test-suite>
      <test-suite type="TestFixture" name="D:\a\1\s\AutoRest\SDKs\PowerShell\JumpCloud.SDK.V1\test\Get-JcSdkCommandFile.Tests.ps1" executed="True" result="Ignored" success="True" time="0.245" asserts="0" description="D:\a\1\s\AutoRest\SDKs\PowerShell\JumpCloud.SDK.V1\test\Get-JcSdkCommandFile.Tests.ps1">
        <results>
          <test-suite type="TestFixture" name="Get-JcSdkCommandFile" executed="True" result="Ignored" success="True" time="0.0681" asserts="0" description="Get-JcSdkCommandFile">
            <results>
              <test-case description="Get" name="Get-JcSdkCommandFile.Get" time="0.0015" asserts="0" success="False" result="Ignored" executed="False" />
              <test-case description="GetViaIdentity" name="Get-JcSdkCommandFile.GetViaIdentity" time="0.0014" asserts="0" success="False" result="Ignored" executed="False" />
            </results>
          </test-suite>
        </results>
      </test-suite>
      <test-suite type="TestFixture" name="D:\a\1\s\AutoRest\SDKs\PowerShell\JumpCloud.SDK.V1\test\Get-JcSdkCommandResult.Tests.ps1" executed="True" result="Ignored" success="True" time="0.2888" asserts="0" description="D:\a\1\s\AutoRest\SDKs\PowerShell\JumpCloud.SDK.V1\test\Get-JcSdkCommandResult.Tests.ps1">
        <results>
          <test-suite type="TestFixture" name="Get-JcSdkCommandResult" executed="True" result="Ignored" success="True" time="0.0395" asserts="0" description="Get-JcSdkCommandResult">
            <results>
              <test-case description="List" name="Get-JcSdkCommandResult.List" time="0.0015" asserts="0" success="False" result="Ignored" executed="False" />
              <test-case description="Get" name="Get-JcSdkCommandResult.Get" time="0.0015" asserts="0" success="False" result="Ignored" executed="False" />
              <test-case description="GetViaIdentity" name="Get-JcSdkCommandResult.GetViaIdentity" time="0.0015" asserts="0" success="False" result="Ignored" executed="False" />
            </results>
          </test-suite>
        </results>
      </test-suite>
      <test-suite type="TestFixture" name="D:\a\1\s\AutoRest\SDKs\PowerShell\JumpCloud.SDK.V1\test\Get-JcSdkOrganization.Tests.ps1" executed="True" result="Ignored" success="True" time="0.1807" asserts="0" description="D:\a\1\s\AutoRest\SDKs\PowerShell\JumpCloud.SDK.V1\test\Get-JcSdkOrganization.Tests.ps1">
        <results>
          <test-suite type="TestFixture" name="Get-JcSdkOrganization" executed="True" result="Ignored" success="True" time="0.0422" asserts="0" description="Get-JcSdkOrganization">
            <results>
              <test-case description="List" name="Get-JcSdkOrganization.List" time="0.0015" asserts="0" success="False" result="Ignored" executed="False" />
              <test-case description="Get" name="Get-JcSdkOrganization.Get" time="0.0014" asserts="0" success="False" result="Ignored" executed="False" />
              <test-case description="GetViaIdentity" name="Get-JcSdkOrganization.GetViaIdentity" time="0.0019" asserts="0" success="False" result="Ignored" executed="False" />
            </results>
          </test-suite>
        </results>
      </test-suite>
      <test-suite type="TestFixture" name="D:\a\1\s\AutoRest\SDKs\PowerShell\JumpCloud.SDK.V1\test\Get-JcSdkRadiusServer.Tests.ps1" executed="True" result="Ignored" success="True" time="0.1646" asserts="0" description="D:\a\1\s\AutoRest\SDKs\PowerShell\JumpCloud.SDK.V1\test\Get-JcSdkRadiusServer.Tests.ps1">
        <results>
          <test-suite type="TestFixture" name="Get-JcSdkRadiusServer" executed="True" result="Ignored" success="True" time="0.0396" asserts="0" description="Get-JcSdkRadiusServer">
            <results>
              <test-case description="List" name="Get-JcSdkRadiusServer.List" time="0.0013" asserts="0" success="False" result="Ignored" executed="False" />
              <test-case description="Get" name="Get-JcSdkRadiusServer.Get" time="0.0014" asserts="0" success="False" result="Ignored" executed="False" />
              <test-case description="GetViaIdentity" name="Get-JcSdkRadiusServer.GetViaIdentity" time="0.0018" asserts="0" success="False" result="Ignored" executed="False" />
            </results>
          </test-suite>
        </results>
      </test-suite>
      <test-suite type="TestFixture" name="D:\a\1\s\AutoRest\SDKs\PowerShell\JumpCloud.SDK.V1\test\Get-JcSdkSystem.Tests.ps1" executed="True" result="Ignored" success="True" time="0.1954" asserts="0" description="D:\a\1\s\AutoRest\SDKs\PowerShell\JumpCloud.SDK.V1\test\Get-JcSdkSystem.Tests.ps1">
        <results>
          <test-suite type="TestFixture" name="Get-JcSdkSystem" executed="True" result="Ignored" success="True" time="0.0428" asserts="0" description="Get-JcSdkSystem">
            <results>
              <test-case description="List" name="Get-JcSdkSystem.List" time="0.0014" asserts="0" success="False" result="Ignored" executed="False" />
              <test-case description="Get" name="Get-JcSdkSystem.Get" time="0.0012" asserts="0" success="False" result="Ignored" executed="False" />
              <test-case description="GetViaIdentity" name="Get-JcSdkSystem.GetViaIdentity" time="0.0014" asserts="0" success="False" result="Ignored" executed="False" />
            </results>
          </test-suite>
        </results>
      </test-suite>
      <test-suite type="TestFixture" name="D:\a\1\s\AutoRest\SDKs\PowerShell\JumpCloud.SDK.V1\test\Get-JcSdkSystemUser.Tests.ps1" executed="True" result="Failure" success="False" time="0.4595" asserts="0" description="D:\a\1\s\AutoRest\SDKs\PowerShell\JumpCloud.SDK.V1\test\Get-JcSdkSystemUser.Tests.ps1">
        <results>
          <test-suite type="TestFixture" name="Get-JcSdkSystemUser" executed="True" result="Failure" success="False" time="0.3315" asserts="0" description="Get-JcSdkSystemUser">
            <results>
              <test-case description="List" name="Get-JcSdkSystemUser.List" time="0.2946" asserts="0" success="False" result="Failure" executed="True">
                <failure>
                  <message>NullReferenceException: Object reference not set to an instance of an object.
AggregateException: One or more errors occurred. (Object reference not set to an instance of an object.)</message>
                  <stack-trace>at Get-JcSdkInternalSystemUser&lt;Begin&gt;, D:\a\1\s\AutoRest\SDKs\PowerShell\JumpCloud.SDK.V1\internal\ProxyCmdletDefinitions.ps1:1514
at Get-JcSdkSystemUser&lt;Process&gt;, D:\a\1\s\AutoRest\SDKs\PowerShell\JumpCloud.SDK.V1\custom\Get-JcSdkSystemUser.ps1:120
at Get-JcSdkSystemUser&lt;Process&gt;, D:\a\1\s\AutoRest\SDKs\PowerShell\JumpCloud.SDK.V1\exports\ProxyCmdletDefinitions.ps1:1294
at &lt;ScriptBlock&gt;, D:\a\1\s\AutoRest\SDKs\PowerShell\JumpCloud.SDK.V1\test\Get-JcSdkSystemUser.Tests.ps1:18</stack-trace>
                </failure>
              </test-case>
              <test-case description="Get" name="Get-JcSdkSystemUser.Get" time="0.0015" asserts="0" success="False" result="Ignored" executed="False" />
              <test-case description="GetViaIdentity" name="Get-JcSdkSystemUser.GetViaIdentity" time="0.0014" asserts="0" success="False" result="Ignored" executed="False" />
            </results>
          </test-suite>
        </results>
      </test-suite>
      <test-suite type="TestFixture" name="D:\a\1\s\AutoRest\SDKs\PowerShell\JumpCloud.SDK.V1\test\Get-JcSdkSystemUserSshKey.Tests.ps1" executed="True" result="Ignored" success="True" time="0.5212" asserts="0" description="D:\a\1\s\AutoRest\SDKs\PowerShell\JumpCloud.SDK.V1\test\Get-JcSdkSystemUserSshKey.Tests.ps1">
        <results>
          <test-suite type="TestFixture" name="Get-JcSdkSystemUserSshKey" executed="True" result="Ignored" success="True" time="0.051" asserts="0" description="Get-JcSdkSystemUserSshKey">
            <results>
              <test-case description="List" name="Get-JcSdkSystemUserSshKey.List" time="0.0012" asserts="0" success="False" result="Ignored" executed="False" />
            </results>
          </test-suite>
        </results>
      </test-suite>
      <test-suite type="TestFixture" name="D:\a\1\s\AutoRest\SDKs\PowerShell\JumpCloud.SDK.V1\test\Get-JCSystem.Tests.ps1" executed="True" result="Ignored" success="True" time="0.1738" asserts="0" description="D:\a\1\s\AutoRest\SDKs\PowerShell\JumpCloud.SDK.V1\test\Get-JCSystem.Tests.ps1">
        <results>
          <test-suite type="TestFixture" name="Get-JCSystem" executed="True" result="Ignored" success="True" time="0.0422" asserts="0" description="Get-JCSystem">
            <results>
              <test-case description="List" name="Get-JCSystem.List" time="0.0016" asserts="0" success="False" result="Ignored" executed="False" />
              <test-case description="Get" name="Get-JCSystem.Get" time="0.002" asserts="0" success="False" result="Ignored" executed="False" />
              <test-case description="GetViaIdentity" name="Get-JCSystem.GetViaIdentity" time="0.0015" asserts="0" success="False" result="Ignored" executed="False" />
            </results>
          </test-suite>
        </results>
      </test-suite>
      <test-suite type="TestFixture" name="D:\a\1\s\AutoRest\SDKs\PowerShell\JumpCloud.SDK.V1\test\Get-JCSystemUser.Tests.ps1" executed="True" result="Ignored" success="True" time="0.188" asserts="0" description="D:\a\1\s\AutoRest\SDKs\PowerShell\JumpCloud.SDK.V1\test\Get-JCSystemUser.Tests.ps1">
        <results>
          <test-suite type="TestFixture" name="Get-JCSystemUser" executed="True" result="Ignored" success="True" time="0.0386" asserts="0" description="Get-JCSystemUser">
            <results>
              <test-case description="List" name="Get-JCSystemUser.List" time="0.0014" asserts="0" success="False" result="Ignored" executed="False" />
              <test-case description="Get" name="Get-JCSystemUser.Get" time="0.0016" asserts="0" success="False" result="Ignored" executed="False" />
              <test-case description="GetViaIdentity" name="Get-JCSystemUser.GetViaIdentity" time="0.0012" asserts="0" success="False" result="Ignored" executed="False" />
            </results>
          </test-suite>
        </results>
      </test-suite>
      <test-suite type="TestFixture" name="D:\a\1\s\AutoRest\SDKs\PowerShell\JumpCloud.SDK.V1\test\Get-JCSystemUserSshKey.Tests.ps1" executed="True" result="Ignored" success="True" time="0.1602" asserts="0" description="D:\a\1\s\AutoRest\SDKs\PowerShell\JumpCloud.SDK.V1\test\Get-JCSystemUserSshKey.Tests.ps1">
        <results>
          <test-suite type="TestFixture" name="Get-JCSystemUserSshKey" executed="True" result="Ignored" success="True" time="0.0355" asserts="0" description="Get-JCSystemUserSshKey">
            <results>
              <test-case description="List" name="Get-JCSystemUserSshKey.List" time="0.0013" asserts="0" success="False" result="Ignored" executed="False" />
            </results>
          </test-suite>
        </results>
      </test-suite>
      <test-suite type="TestFixture" name="D:\a\1\s\AutoRest\SDKs\PowerShell\JumpCloud.SDK.V1\test\HelpFiles.Tests.ps1" executed="True" result="Success" success="True" time="0.2211" asserts="0" description="D:\a\1\s\AutoRest\SDKs\PowerShell\JumpCloud.SDK.V1\test\HelpFiles.Tests.ps1">
        <results>
          <test-suite type="TestFixture" name="Help File Tests" executed="True" result="Success" success="True" time="0" asserts="0" description="Help File Tests">
            <results>
              <test-suite type="TestFixture" name="Help File Tests.Validating help file fields have been populated" executed="True" result="Success" success="True" time="0" asserts="0" description="Help File Tests.Validating help file fields have been populated">
                <results />
              </test-suite>
            </results>
          </test-suite>
        </results>
      </test-suite>
      <test-suite type="TestFixture" name="D:\a\1\s\AutoRest\SDKs\PowerShell\JumpCloud.SDK.V1\test\Invoke-JCCommandTrigger.Tests.ps1" executed="True" result="Ignored" success="True" time="0.1857" asserts="0" description="D:\a\1\s\AutoRest\SDKs\PowerShell\JumpCloud.SDK.V1\test\Invoke-JCCommandTrigger.Tests.ps1">
        <results>
          <test-suite type="TestFixture" name="Invoke-JCCommandTrigger" executed="True" result="Ignored" success="True" time="0.0419" asserts="0" description="Invoke-JCCommandTrigger">
            <results>
              <test-case description="Post" name="Invoke-JCCommandTrigger.Post" time="0.0013" asserts="0" success="False" result="Ignored" executed="False" />
              <test-case description="PostViaIdentity" name="Invoke-JCCommandTrigger.PostViaIdentity" time="0.0014" asserts="0" success="False" result="Ignored" executed="False" />
            </results>
          </test-suite>
        </results>
      </test-suite>
      <test-suite type="TestFixture" name="D:\a\1\s\AutoRest\SDKs\PowerShell\JumpCloud.SDK.V1\test\Invoke-JCExpireSystemUserPassword.Tests.ps1" executed="True" result="Ignored" success="True" time="0.1697" asserts="0" description="D:\a\1\s\AutoRest\SDKs\PowerShell\JumpCloud.SDK.V1\test\Invoke-JCExpireSystemUserPassword.Tests.ps1">
        <results>
          <test-suite type="TestFixture" name="Invoke-JCExpireSystemUserPassword" executed="True" result="Ignored" success="True" time="0.0365" asserts="0" description="Invoke-JCExpireSystemUserPassword">
            <results>
              <test-case description="Post" name="Invoke-JCExpireSystemUserPassword.Post" time="0.0013" asserts="0" success="False" result="Ignored" executed="False" />
              <test-case description="PostViaIdentity" name="Invoke-JCExpireSystemUserPassword.PostViaIdentity" time="0.0014" asserts="0" success="False" result="Ignored" executed="False" />
            </results>
          </test-suite>
        </results>
      </test-suite>
      <test-suite type="TestFixture" name="D:\a\1\s\AutoRest\SDKs\PowerShell\JumpCloud.SDK.V1\test\Invoke-JcSdkCommandTrigger.Tests.ps1" executed="True" result="Ignored" success="True" time="0.1839" asserts="0" description="D:\a\1\s\AutoRest\SDKs\PowerShell\JumpCloud.SDK.V1\test\Invoke-JcSdkCommandTrigger.Tests.ps1">
        <results>
          <test-suite type="TestFixture" name="Invoke-JcSdkCommandTrigger" executed="True" result="Ignored" success="True" time="0.0407" asserts="0" description="Invoke-JcSdkCommandTrigger">
            <results>
              <test-case description="Post" name="Invoke-JcSdkCommandTrigger.Post" time="0.0016" asserts="0" success="False" result="Ignored" executed="False" />
              <test-case description="PostViaIdentity" name="Invoke-JcSdkCommandTrigger.PostViaIdentity" time="0.0015" asserts="0" success="False" result="Ignored" executed="False" />
            </results>
          </test-suite>
        </results>
      </test-suite>
      <test-suite type="TestFixture" name="D:\a\1\s\AutoRest\SDKs\PowerShell\JumpCloud.SDK.V1\test\Invoke-JcSdkExpireSystemUserPassword.Tests.ps1" executed="True" result="Ignored" success="True" time="0.1675" asserts="0" description="D:\a\1\s\AutoRest\SDKs\PowerShell\JumpCloud.SDK.V1\test\Invoke-JcSdkExpireSystemUserPassword.Tests.ps1">
        <results>
          <test-suite type="TestFixture" name="Invoke-JcSdkExpireSystemUserPassword" executed="True" result="Ignored" success="True" time="0.0393" asserts="0" description="Invoke-JcSdkExpireSystemUserPassword">
            <results>
              <test-case description="Post" name="Invoke-JcSdkExpireSystemUserPassword.Post" time="0.0014" asserts="0" success="False" result="Ignored" executed="False" />
              <test-case description="PostViaIdentity" name="Invoke-JcSdkExpireSystemUserPassword.PostViaIdentity" time="0.0013" asserts="0" success="False" result="Ignored" executed="False" />
            </results>
          </test-suite>
        </results>
      </test-suite>
      <test-suite type="TestFixture" name="D:\a\1\s\AutoRest\SDKs\PowerShell\JumpCloud.SDK.V1\test\New-JCApplication.Tests.ps1" executed="True" result="Ignored" success="True" time="0.2144" asserts="0" description="D:\a\1\s\AutoRest\SDKs\PowerShell\JumpCloud.SDK.V1\test\New-JCApplication.Tests.ps1">
        <results>
          <test-suite type="TestFixture" name="New-JCApplication" executed="True" result="Ignored" success="True" time="0.0563" asserts="0" description="New-JCApplication">
            <results>
              <test-case description="CreateExpanded" name="New-JCApplication.CreateExpanded" time="0.0013" asserts="0" success="False" result="Ignored" executed="False" />
              <test-case description="Create" name="New-JCApplication.Create" time="0.0014" asserts="0" success="False" result="Ignored" executed="False" />
            </results>
          </test-suite>
        </results>
      </test-suite>
      <test-suite type="TestFixture" name="D:\a\1\s\AutoRest\SDKs\PowerShell\JumpCloud.SDK.V1\test\New-JCCommand.Tests.ps1" executed="True" result="Ignored" success="True" time="0.1788" asserts="0" description="D:\a\1\s\AutoRest\SDKs\PowerShell\JumpCloud.SDK.V1\test\New-JCCommand.Tests.ps1">
        <results>
          <test-suite type="TestFixture" name="New-JCCommand" executed="True" result="Ignored" success="True" time="0.0484" asserts="0" description="New-JCCommand">
            <results>
              <test-case description="CreateExpanded" name="New-JCCommand.CreateExpanded" time="0.0015" asserts="0" success="False" result="Ignored" executed="False" />
              <test-case description="Create" name="New-JCCommand.Create" time="0.0014" asserts="0" success="False" result="Ignored" executed="False" />
            </results>
          </test-suite>
        </results>
      </test-suite>
      <test-suite type="TestFixture" name="D:\a\1\s\AutoRest\SDKs\PowerShell\JumpCloud.SDK.V1\test\New-JCRadiusServer.Tests.ps1" executed="True" result="Ignored" success="True" time="0.183" asserts="0" description="D:\a\1\s\AutoRest\SDKs\PowerShell\JumpCloud.SDK.V1\test\New-JCRadiusServer.Tests.ps1">
        <results>
          <test-suite type="TestFixture" name="New-JCRadiusServer" executed="True" result="Ignored" success="True" time="0.0482" asserts="0" description="New-JCRadiusServer">
            <results>
              <test-case description="CreateExpanded" name="New-JCRadiusServer.CreateExpanded" time="0.0014" asserts="0" success="False" result="Ignored" executed="False" />
              <test-case description="Create" name="New-JCRadiusServer.Create" time="0.0015" asserts="0" success="False" result="Ignored" executed="False" />
            </results>
          </test-suite>
        </results>
      </test-suite>
      <test-suite type="TestFixture" name="D:\a\1\s\AutoRest\SDKs\PowerShell\JumpCloud.SDK.V1\test\New-JcSdkApplication.Tests.ps1" executed="True" result="Ignored" success="True" time="0.1635" asserts="0" description="D:\a\1\s\AutoRest\SDKs\PowerShell\JumpCloud.SDK.V1\test\New-JcSdkApplication.Tests.ps1">
        <results>
          <test-suite type="TestFixture" name="New-JcSdkApplication" executed="True" result="Ignored" success="True" time="0.0373" asserts="0" description="New-JcSdkApplication">
            <results>
              <test-case description="CreateExpanded" name="New-JcSdkApplication.CreateExpanded" time="0.0013" asserts="0" success="False" result="Ignored" executed="False" />
              <test-case description="Create" name="New-JcSdkApplication.Create" time="0.0014" asserts="0" success="False" result="Ignored" executed="False" />
            </results>
          </test-suite>
        </results>
      </test-suite>
      <test-suite type="TestFixture" name="D:\a\1\s\AutoRest\SDKs\PowerShell\JumpCloud.SDK.V1\test\New-JcSdkCommand.Tests.ps1" executed="True" result="Ignored" success="True" time="0.1855" asserts="0" description="D:\a\1\s\AutoRest\SDKs\PowerShell\JumpCloud.SDK.V1\test\New-JcSdkCommand.Tests.ps1">
        <results>
          <test-suite type="TestFixture" name="New-JcSdkCommand" executed="True" result="Ignored" success="True" time="0.0419" asserts="0" description="New-JcSdkCommand">
            <results>
              <test-case description="CreateExpanded" name="New-JcSdkCommand.CreateExpanded" time="0.0016" asserts="0" success="False" result="Ignored" executed="False" />
              <test-case description="Create" name="New-JcSdkCommand.Create" time="0.0012" asserts="0" success="False" result="Ignored" executed="False" />
            </results>
          </test-suite>
        </results>
      </test-suite>
      <test-suite type="TestFixture" name="D:\a\1\s\AutoRest\SDKs\PowerShell\JumpCloud.SDK.V1\test\New-JcSdkRadiusServer.Tests.ps1" executed="True" result="Ignored" success="True" time="0.1677" asserts="0" description="D:\a\1\s\AutoRest\SDKs\PowerShell\JumpCloud.SDK.V1\test\New-JcSdkRadiusServer.Tests.ps1">
        <results>
          <test-suite type="TestFixture" name="New-JcSdkRadiusServer" executed="True" result="Ignored" success="True" time="0.0369" asserts="0" description="New-JcSdkRadiusServer">
            <results>
              <test-case description="CreateExpanded" name="New-JcSdkRadiusServer.CreateExpanded" time="0.0013" asserts="0" success="False" result="Ignored" executed="False" />
              <test-case description="Create" name="New-JcSdkRadiusServer.Create" time="0.0013" asserts="0" success="False" result="Ignored" executed="False" />
            </results>
          </test-suite>
        </results>
      </test-suite>
      <test-suite type="TestFixture" name="D:\a\1\s\AutoRest\SDKs\PowerShell\JumpCloud.SDK.V1\test\New-JcSdkSystemUser.Tests.ps1" executed="True" result="Ignored" success="True" time="0.1655" asserts="0" description="D:\a\1\s\AutoRest\SDKs\PowerShell\JumpCloud.SDK.V1\test\New-JcSdkSystemUser.Tests.ps1">
        <results>
          <test-suite type="TestFixture" name="New-JcSdkSystemUser" executed="True" result="Ignored" success="True" time="0.0379" asserts="0" description="New-JcSdkSystemUser">
            <results>
              <test-case description="CreateExpanded" name="New-JcSdkSystemUser.CreateExpanded" time="0.0015" asserts="0" success="False" result="Ignored" executed="False" />
              <test-case description="Create" name="New-JcSdkSystemUser.Create" time="0.0011" asserts="0" success="False" result="Ignored" executed="False" />
            </results>
          </test-suite>
        </results>
      </test-suite>
      <test-suite type="TestFixture" name="D:\a\1\s\AutoRest\SDKs\PowerShell\JumpCloud.SDK.V1\test\New-JcSdkSystemUserSshKey.Tests.ps1" executed="True" result="Ignored" success="True" time="0.1788" asserts="0" description="D:\a\1\s\AutoRest\SDKs\PowerShell\JumpCloud.SDK.V1\test\New-JcSdkSystemUserSshKey.Tests.ps1">
        <results>
          <test-suite type="TestFixture" name="New-JcSdkSystemUserSshKey" executed="True" result="Ignored" success="True" time="0.0401" asserts="0" description="New-JcSdkSystemUserSshKey">
            <results>
              <test-case description="CreateExpanded" name="New-JcSdkSystemUserSshKey.CreateExpanded" time="0.0012" asserts="0" success="False" result="Ignored" executed="False" />
              <test-case description="Create" name="New-JcSdkSystemUserSshKey.Create" time="0.0014" asserts="0" success="False" result="Ignored" executed="False" />
              <test-case description="CreateViaIdentityExpanded" name="New-JcSdkSystemUserSshKey.CreateViaIdentityExpanded" time="0.0021" asserts="0" success="False" result="Ignored" executed="False" />
              <test-case description="CreateViaIdentity" name="New-JcSdkSystemUserSshKey.CreateViaIdentity" time="0.0022" asserts="0" success="False" result="Ignored" executed="False" />
            </results>
          </test-suite>
        </results>
      </test-suite>
      <test-suite type="TestFixture" name="D:\a\1\s\AutoRest\SDKs\PowerShell\JumpCloud.SDK.V1\test\New-JCSystemUser.Tests.ps1" executed="True" result="Ignored" success="True" time="0.2478" asserts="0" description="D:\a\1\s\AutoRest\SDKs\PowerShell\JumpCloud.SDK.V1\test\New-JCSystemUser.Tests.ps1">
        <results>
          <test-suite type="TestFixture" name="New-JCSystemUser" executed="True" result="Ignored" success="True" time="0.0382" asserts="0" description="New-JCSystemUser">
            <results>
              <test-case description="CreateExpanded" name="New-JCSystemUser.CreateExpanded" time="0.0013" asserts="0" success="False" result="Ignored" executed="False" />
              <test-case description="Create" name="New-JCSystemUser.Create" time="0.0014" asserts="0" success="False" result="Ignored" executed="False" />
            </results>
          </test-suite>
        </results>
      </test-suite>
      <test-suite type="TestFixture" name="D:\a\1\s\AutoRest\SDKs\PowerShell\JumpCloud.SDK.V1\test\New-JCSystemUserSshKey.Tests.ps1" executed="True" result="Ignored" success="True" time="0.1755" asserts="0" description="D:\a\1\s\AutoRest\SDKs\PowerShell\JumpCloud.SDK.V1\test\New-JCSystemUserSshKey.Tests.ps1">
        <results>
          <test-suite type="TestFixture" name="New-JCSystemUserSshKey" executed="True" result="Ignored" success="True" time="0.0372" asserts="0" description="New-JCSystemUserSshKey">
            <results>
              <test-case description="CreateExpanded" name="New-JCSystemUserSshKey.CreateExpanded" time="0.0012" asserts="0" success="False" result="Ignored" executed="False" />
              <test-case description="Create" name="New-JCSystemUserSshKey.Create" time="0.0013" asserts="0" success="False" result="Ignored" executed="False" />
              <test-case description="CreateViaIdentity" name="New-JCSystemUserSshKey.CreateViaIdentity" time="0.0011" asserts="0" success="False" result="Ignored" executed="False" />
              <test-case description="CreateViaIdentityExpanded" name="New-JCSystemUserSshKey.CreateViaIdentityExpanded" time="0.0011" asserts="0" success="False" result="Ignored" executed="False" />
            </results>
          </test-suite>
        </results>
      </test-suite>
      <test-suite type="TestFixture" name="D:\a\1\s\AutoRest\SDKs\PowerShell\JumpCloud.SDK.V1\test\Remove-JCApplication.Tests.ps1" executed="True" result="Ignored" success="True" time="0.1645" asserts="0" description="D:\a\1\s\AutoRest\SDKs\PowerShell\JumpCloud.SDK.V1\test\Remove-JCApplication.Tests.ps1">
        <results>
          <test-suite type="TestFixture" name="Remove-JCApplication" executed="True" result="Ignored" success="True" time="0.037" asserts="0" description="Remove-JCApplication">
            <results>
              <test-case description="Delete" name="Remove-JCApplication.Delete" time="0.0012" asserts="0" success="False" result="Ignored" executed="False" />
              <test-case description="DeleteViaIdentity" name="Remove-JCApplication.DeleteViaIdentity" time="0.0012" asserts="0" success="False" result="Ignored" executed="False" />
            </results>
          </test-suite>
        </results>
      </test-suite>
      <test-suite type="TestFixture" name="D:\a\1\s\AutoRest\SDKs\PowerShell\JumpCloud.SDK.V1\test\Remove-JCCommand.Tests.ps1" executed="True" result="Ignored" success="True" time="0.1835" asserts="0" description="D:\a\1\s\AutoRest\SDKs\PowerShell\JumpCloud.SDK.V1\test\Remove-JCCommand.Tests.ps1">
        <results>
          <test-suite type="TestFixture" name="Remove-JCCommand" executed="True" result="Ignored" success="True" time="0.0404" asserts="0" description="Remove-JCCommand">
            <results>
              <test-case description="Delete" name="Remove-JCCommand.Delete" time="0.0014" asserts="0" success="False" result="Ignored" executed="False" />
              <test-case description="DeleteViaIdentity" name="Remove-JCCommand.DeleteViaIdentity" time="0.0012" asserts="0" success="False" result="Ignored" executed="False" />
            </results>
          </test-suite>
        </results>
      </test-suite>
      <test-suite type="TestFixture" name="D:\a\1\s\AutoRest\SDKs\PowerShell\JumpCloud.SDK.V1\test\Remove-JCCommandResult.Tests.ps1" executed="True" result="Ignored" success="True" time="0.164" asserts="0" description="D:\a\1\s\AutoRest\SDKs\PowerShell\JumpCloud.SDK.V1\test\Remove-JCCommandResult.Tests.ps1">
        <results>
          <test-suite type="TestFixture" name="Remove-JCCommandResult" executed="True" result="Ignored" success="True" time="0.0351" asserts="0" description="Remove-JCCommandResult">
            <results>
              <test-case description="Delete" name="Remove-JCCommandResult.Delete" time="0.0012" asserts="0" success="False" result="Ignored" executed="False" />
              <test-case description="DeleteViaIdentity" name="Remove-JCCommandResult.DeleteViaIdentity" time="0.0013" asserts="0" success="False" result="Ignored" executed="False" />
            </results>
          </test-suite>
        </results>
      </test-suite>
      <test-suite type="TestFixture" name="D:\a\1\s\AutoRest\SDKs\PowerShell\JumpCloud.SDK.V1\test\Remove-JcSdkApplication.Tests.ps1" executed="True" result="Ignored" success="True" time="0.1684" asserts="0" description="D:\a\1\s\AutoRest\SDKs\PowerShell\JumpCloud.SDK.V1\test\Remove-JcSdkApplication.Tests.ps1">
        <results>
          <test-suite type="TestFixture" name="Remove-JcSdkApplication" executed="True" result="Ignored" success="True" time="0.0359" asserts="0" description="Remove-JcSdkApplication">
            <results>
              <test-case description="Delete" name="Remove-JcSdkApplication.Delete" time="0.0024" asserts="0" success="False" result="Ignored" executed="False" />
              <test-case description="DeleteViaIdentity" name="Remove-JcSdkApplication.DeleteViaIdentity" time="0.0012" asserts="0" success="False" result="Ignored" executed="False" />
            </results>
          </test-suite>
        </results>
      </test-suite>
      <test-suite type="TestFixture" name="D:\a\1\s\AutoRest\SDKs\PowerShell\JumpCloud.SDK.V1\test\Remove-JcSdkCommand.Tests.ps1" executed="True" result="Ignored" success="True" time="0.1665" asserts="0" description="D:\a\1\s\AutoRest\SDKs\PowerShell\JumpCloud.SDK.V1\test\Remove-JcSdkCommand.Tests.ps1">
        <results>
          <test-suite type="TestFixture" name="Remove-JcSdkCommand" executed="True" result="Ignored" success="True" time="0.0367" asserts="0" description="Remove-JcSdkCommand">
            <results>
              <test-case description="Delete" name="Remove-JcSdkCommand.Delete" time="0.0014" asserts="0" success="False" result="Ignored" executed="False" />
              <test-case description="DeleteViaIdentity" name="Remove-JcSdkCommand.DeleteViaIdentity" time="0.0013" asserts="0" success="False" result="Ignored" executed="False" />
            </results>
          </test-suite>
        </results>
      </test-suite>
      <test-suite type="TestFixture" name="D:\a\1\s\AutoRest\SDKs\PowerShell\JumpCloud.SDK.V1\test\Remove-JcSdkCommandResult.Tests.ps1" executed="True" result="Ignored" success="True" time="0.1832" asserts="0" description="D:\a\1\s\AutoRest\SDKs\PowerShell\JumpCloud.SDK.V1\test\Remove-JcSdkCommandResult.Tests.ps1">
        <results>
          <test-suite type="TestFixture" name="Remove-JcSdkCommandResult" executed="True" result="Ignored" success="True" time="0.0379" asserts="0" description="Remove-JcSdkCommandResult">
            <results>
              <test-case description="Delete" name="Remove-JcSdkCommandResult.Delete" time="0.0014" asserts="0" success="False" result="Ignored" executed="False" />
              <test-case description="DeleteViaIdentity" name="Remove-JcSdkCommandResult.DeleteViaIdentity" time="0.0013" asserts="0" success="False" result="Ignored" executed="False" />
            </results>
          </test-suite>
        </results>
      </test-suite>
      <test-suite type="TestFixture" name="D:\a\1\s\AutoRest\SDKs\PowerShell\JumpCloud.SDK.V1\test\Remove-JcSdkSystem.Tests.ps1" executed="True" result="Ignored" success="True" time="0.1674" asserts="0" description="D:\a\1\s\AutoRest\SDKs\PowerShell\JumpCloud.SDK.V1\test\Remove-JcSdkSystem.Tests.ps1">
        <results>
          <test-suite type="TestFixture" name="Remove-JcSdkSystem" executed="True" result="Ignored" success="True" time="0.0347" asserts="0" description="Remove-JcSdkSystem">
            <results>
              <test-case description="Delete" name="Remove-JcSdkSystem.Delete" time="0.0012" asserts="0" success="False" result="Ignored" executed="False" />
              <test-case description="DeleteViaIdentity" name="Remove-JcSdkSystem.DeleteViaIdentity" time="0.0013" asserts="0" success="False" result="Ignored" executed="False" />
            </results>
          </test-suite>
        </results>
      </test-suite>
      <test-suite type="TestFixture" name="D:\a\1\s\AutoRest\SDKs\PowerShell\JumpCloud.SDK.V1\test\Remove-JcSdkSystemUser.Tests.ps1" executed="True" result="Ignored" success="True" time="0.1652" asserts="0" description="D:\a\1\s\AutoRest\SDKs\PowerShell\JumpCloud.SDK.V1\test\Remove-JcSdkSystemUser.Tests.ps1">
        <results>
          <test-suite type="TestFixture" name="Remove-JcSdkSystemUser" executed="True" result="Ignored" success="True" time="0.0367" asserts="0" description="Remove-JcSdkSystemUser">
            <results>
              <test-case description="Delete" name="Remove-JcSdkSystemUser.Delete" time="0.0015" asserts="0" success="False" result="Ignored" executed="False" />
              <test-case description="DeleteViaIdentity" name="Remove-JcSdkSystemUser.DeleteViaIdentity" time="0.0014" asserts="0" success="False" result="Ignored" executed="False" />
            </results>
          </test-suite>
        </results>
      </test-suite>
      <test-suite type="TestFixture" name="D:\a\1\s\AutoRest\SDKs\PowerShell\JumpCloud.SDK.V1\test\Remove-JcSdkSystemUserSshKey.Tests.ps1" executed="True" result="Ignored" success="True" time="0.1655" asserts="0" description="D:\a\1\s\AutoRest\SDKs\PowerShell\JumpCloud.SDK.V1\test\Remove-JcSdkSystemUserSshKey.Tests.ps1">
        <results>
          <test-suite type="TestFixture" name="Remove-JcSdkSystemUserSshKey" executed="True" result="Ignored" success="True" time="0.0378" asserts="0" description="Remove-JcSdkSystemUserSshKey">
            <results>
              <test-case description="Delete" name="Remove-JcSdkSystemUserSshKey.Delete" time="0.0013" asserts="0" success="False" result="Ignored" executed="False" />
              <test-case description="DeleteViaIdentity" name="Remove-JcSdkSystemUserSshKey.DeleteViaIdentity" time="0.0014" asserts="0" success="False" result="Ignored" executed="False" />
            </results>
          </test-suite>
        </results>
      </test-suite>
      <test-suite type="TestFixture" name="D:\a\1\s\AutoRest\SDKs\PowerShell\JumpCloud.SDK.V1\test\Remove-JCSystem.Tests.ps1" executed="True" result="Ignored" success="True" time="0.1685" asserts="0" description="D:\a\1\s\AutoRest\SDKs\PowerShell\JumpCloud.SDK.V1\test\Remove-JCSystem.Tests.ps1">
        <results>
          <test-suite type="TestFixture" name="Remove-JCSystem" executed="True" result="Ignored" success="True" time="0.0469" asserts="0" description="Remove-JCSystem">
            <results>
              <test-case description="Delete" name="Remove-JCSystem.Delete" time="0.0015" asserts="0" success="False" result="Ignored" executed="False" />
              <test-case description="DeleteViaIdentity" name="Remove-JCSystem.DeleteViaIdentity" time="0.0012" asserts="0" success="False" result="Ignored" executed="False" />
            </results>
          </test-suite>
        </results>
      </test-suite>
      <test-suite type="TestFixture" name="D:\a\1\s\AutoRest\SDKs\PowerShell\JumpCloud.SDK.V1\test\Remove-JCSystemUser.Tests.ps1" executed="True" result="Ignored" success="True" time="0.1656" asserts="0" description="D:\a\1\s\AutoRest\SDKs\PowerShell\JumpCloud.SDK.V1\test\Remove-JCSystemUser.Tests.ps1">
        <results>
          <test-suite type="TestFixture" name="Remove-JCSystemUser" executed="True" result="Ignored" success="True" time="0.0397" asserts="0" description="Remove-JCSystemUser">
            <results>
              <test-case description="Delete" name="Remove-JCSystemUser.Delete" time="0.0023" asserts="0" success="False" result="Ignored" executed="False" />
              <test-case description="DeleteViaIdentity" name="Remove-JCSystemUser.DeleteViaIdentity" time="0.0014" asserts="0" success="False" result="Ignored" executed="False" />
            </results>
          </test-suite>
        </results>
      </test-suite>
      <test-suite type="TestFixture" name="D:\a\1\s\AutoRest\SDKs\PowerShell\JumpCloud.SDK.V1\test\Remove-JCSystemUserSshKey.Tests.ps1" executed="True" result="Ignored" success="True" time="0.1552" asserts="0" description="D:\a\1\s\AutoRest\SDKs\PowerShell\JumpCloud.SDK.V1\test\Remove-JCSystemUserSshKey.Tests.ps1">
        <results>
          <test-suite type="TestFixture" name="Remove-JCSystemUserSshKey" executed="True" result="Ignored" success="True" time="0.0341" asserts="0" description="Remove-JCSystemUserSshKey">
            <results>
              <test-case description="Delete" name="Remove-JCSystemUserSshKey.Delete" time="0.0013" asserts="0" success="False" result="Ignored" executed="False" />
              <test-case description="DeleteViaIdentity" name="Remove-JCSystemUserSshKey.DeleteViaIdentity" time="0.0013" asserts="0" success="False" result="Ignored" executed="False" />
            </results>
          </test-suite>
        </results>
      </test-suite>
      <test-suite type="TestFixture" name="D:\a\1\s\AutoRest\SDKs\PowerShell\JumpCloud.SDK.V1\test\Reset-JcSdkSystemUserMfa.Tests.ps1" executed="True" result="Ignored" success="True" time="0.1848" asserts="0" description="D:\a\1\s\AutoRest\SDKs\PowerShell\JumpCloud.SDK.V1\test\Reset-JcSdkSystemUserMfa.Tests.ps1">
        <results>
          <test-suite type="TestFixture" name="Reset-JcSdkSystemUserMfa" executed="True" result="Ignored" success="True" time="0.0389" asserts="0" description="Reset-JcSdkSystemUserMfa">
            <results>
              <test-case description="ResetExpanded" name="Reset-JcSdkSystemUserMfa.ResetExpanded" time="0.0013" asserts="0" success="False" result="Ignored" executed="False" />
              <test-case description="Reset" name="Reset-JcSdkSystemUserMfa.Reset" time="0.0011" asserts="0" success="False" result="Ignored" executed="False" />
              <test-case description="ResetViaIdentityExpanded" name="Reset-JcSdkSystemUserMfa.ResetViaIdentityExpanded" time="0.0013" asserts="0" success="False" result="Ignored" executed="False" />
              <test-case description="ResetViaIdentity" name="Reset-JcSdkSystemUserMfa.ResetViaIdentity" time="0.0012" asserts="0" success="False" result="Ignored" executed="False" />
            </results>
          </test-suite>
        </results>
      </test-suite>
      <test-suite type="TestFixture" name="D:\a\1\s\AutoRest\SDKs\PowerShell\JumpCloud.SDK.V1\test\Reset-JCSystemUserMfa.Tests.ps1" executed="True" result="Ignored" success="True" time="0.1798" asserts="0" description="D:\a\1\s\AutoRest\SDKs\PowerShell\JumpCloud.SDK.V1\test\Reset-JCSystemUserMfa.Tests.ps1">
        <results>
          <test-suite type="TestFixture" name="Reset-JCSystemUserMfa" executed="True" result="Ignored" success="True" time="0.0454" asserts="0" description="Reset-JCSystemUserMfa">
            <results>
              <test-case description="ResetExpanded" name="Reset-JCSystemUserMfa.ResetExpanded" time="0.0015" asserts="0" success="False" result="Ignored" executed="False" />
              <test-case description="Reset" name="Reset-JCSystemUserMfa.Reset" time="0.0012" asserts="0" success="False" result="Ignored" executed="False" />
              <test-case description="ResetViaIdentity" name="Reset-JCSystemUserMfa.ResetViaIdentity" time="0.0012" asserts="0" success="False" result="Ignored" executed="False" />
              <test-case description="ResetViaIdentityExpanded" name="Reset-JCSystemUserMfa.ResetViaIdentityExpanded" time="0.0016" asserts="0" success="False" result="Ignored" executed="False" />
            </results>
          </test-suite>
        </results>
      </test-suite>
      <test-suite type="TestFixture" name="D:\a\1\s\AutoRest\SDKs\PowerShell\JumpCloud.SDK.V1\test\Search-JCOrganization.Tests.ps1" executed="True" result="Ignored" success="True" time="0.1635" asserts="0" description="D:\a\1\s\AutoRest\SDKs\PowerShell\JumpCloud.SDK.V1\test\Search-JCOrganization.Tests.ps1">
        <results>
          <test-suite type="TestFixture" name="Search-JCOrganization" executed="True" result="Ignored" success="True" time="0.0346" asserts="0" description="Search-JCOrganization">
            <results>
              <test-case description="SearchExpanded" name="Search-JCOrganization.SearchExpanded" time="0.0012" asserts="0" success="False" result="Ignored" executed="False" />
              <test-case description="Search" name="Search-JCOrganization.Search" time="0.0012" asserts="0" success="False" result="Ignored" executed="False" />
            </results>
          </test-suite>
        </results>
      </test-suite>
      <test-suite type="TestFixture" name="D:\a\1\s\AutoRest\SDKs\PowerShell\JumpCloud.SDK.V1\test\Search-JcSdkOrganization.Tests.ps1" executed="True" result="Ignored" success="True" time="0.1553" asserts="0" description="D:\a\1\s\AutoRest\SDKs\PowerShell\JumpCloud.SDK.V1\test\Search-JcSdkOrganization.Tests.ps1">
        <results>
          <test-suite type="TestFixture" name="Search-JcSdkOrganization" executed="True" result="Ignored" success="True" time="0.0345" asserts="0" description="Search-JcSdkOrganization">
            <results>
              <test-case description="SearchExpanded" name="Search-JcSdkOrganization.SearchExpanded" time="0.0012" asserts="0" success="False" result="Ignored" executed="False" />
              <test-case description="Search" name="Search-JcSdkOrganization.Search" time="0.0012" asserts="0" success="False" result="Ignored" executed="False" />
            </results>
          </test-suite>
        </results>
      </test-suite>
      <test-suite type="TestFixture" name="D:\a\1\s\AutoRest\SDKs\PowerShell\JumpCloud.SDK.V1\test\Search-JcSdkSystem.Tests.ps1" executed="True" result="Ignored" success="True" time="0.1586" asserts="0" description="D:\a\1\s\AutoRest\SDKs\PowerShell\JumpCloud.SDK.V1\test\Search-JcSdkSystem.Tests.ps1">
        <results>
          <test-suite type="TestFixture" name="Search-JcSdkSystem" executed="True" result="Ignored" success="True" time="0.0354" asserts="0" description="Search-JcSdkSystem">
            <results>
              <test-case description="SearchExpanded" name="Search-JcSdkSystem.SearchExpanded" time="0.0012" asserts="0" success="False" result="Ignored" executed="False" />
              <test-case description="Search" name="Search-JcSdkSystem.Search" time="0.0013" asserts="0" success="False" result="Ignored" executed="False" />
            </results>
          </test-suite>
        </results>
      </test-suite>
      <test-suite type="TestFixture" name="D:\a\1\s\AutoRest\SDKs\PowerShell\JumpCloud.SDK.V1\test\Search-JcSdkSystemUser.Tests.ps1" executed="True" result="Ignored" success="True" time="0.1657" asserts="0" description="D:\a\1\s\AutoRest\SDKs\PowerShell\JumpCloud.SDK.V1\test\Search-JcSdkSystemUser.Tests.ps1">
        <results>
          <test-suite type="TestFixture" name="Search-JcSdkSystemUser" executed="True" result="Ignored" success="True" time="0.0401" asserts="0" description="Search-JcSdkSystemUser">
            <results>
              <test-case description="SearchExpanded" name="Search-JcSdkSystemUser.SearchExpanded" time="0.0011" asserts="0" success="False" result="Ignored" executed="False" />
              <test-case description="Search" name="Search-JcSdkSystemUser.Search" time="0.0016" asserts="0" success="False" result="Ignored" executed="False" />
            </results>
          </test-suite>
        </results>
      </test-suite>
      <test-suite type="TestFixture" name="D:\a\1\s\AutoRest\SDKs\PowerShell\JumpCloud.SDK.V1\test\Search-JCSystem.Tests.ps1" executed="True" result="Ignored" success="True" time="0.158" asserts="0" description="D:\a\1\s\AutoRest\SDKs\PowerShell\JumpCloud.SDK.V1\test\Search-JCSystem.Tests.ps1">
        <results>
          <test-suite type="TestFixture" name="Search-JCSystem" executed="True" result="Ignored" success="True" time="0.0371" asserts="0" description="Search-JCSystem">
            <results>
              <test-case description="SearchExpanded" name="Search-JCSystem.SearchExpanded" time="0.0014" asserts="0" success="False" result="Ignored" executed="False" />
              <test-case description="Search" name="Search-JCSystem.Search" time="0.0013" asserts="0" success="False" result="Ignored" executed="False" />
            </results>
          </test-suite>
        </results>
      </test-suite>
      <test-suite type="TestFixture" name="D:\a\1\s\AutoRest\SDKs\PowerShell\JumpCloud.SDK.V1\test\Search-JCSystemUser.Tests.ps1" executed="True" result="Ignored" success="True" time="0.1683" asserts="0" description="D:\a\1\s\AutoRest\SDKs\PowerShell\JumpCloud.SDK.V1\test\Search-JCSystemUser.Tests.ps1">
        <results>
          <test-suite type="TestFixture" name="Search-JCSystemUser" executed="True" result="Ignored" success="True" time="0.0363" asserts="0" description="Search-JCSystemUser">
            <results>
              <test-case description="SearchExpanded" name="Search-JCSystemUser.SearchExpanded" time="0.0013" asserts="0" success="False" result="Ignored" executed="False" />
              <test-case description="Search" name="Search-JCSystemUser.Search" time="0.0013" asserts="0" success="False" result="Ignored" executed="False" />
            </results>
          </test-suite>
        </results>
      </test-suite>
      <test-suite type="TestFixture" name="D:\a\1\s\AutoRest\SDKs\PowerShell\JumpCloud.SDK.V1\test\Set-JCApplication.Tests.ps1" executed="True" result="Ignored" success="True" time="0.1668" asserts="0" description="D:\a\1\s\AutoRest\SDKs\PowerShell\JumpCloud.SDK.V1\test\Set-JCApplication.Tests.ps1">
        <results>
          <test-suite type="TestFixture" name="Set-JCApplication" executed="True" result="Ignored" success="True" time="0.0401" asserts="0" description="Set-JCApplication">
            <results>
              <test-case description="PutExpanded" name="Set-JCApplication.PutExpanded" time="0.0015" asserts="0" success="False" result="Ignored" executed="False" />
              <test-case description="Put" name="Set-JCApplication.Put" time="0.0013" asserts="0" success="False" result="Ignored" executed="False" />
              <test-case description="PutViaIdentityExpanded" name="Set-JCApplication.PutViaIdentityExpanded" time="0.0013" asserts="0" success="False" result="Ignored" executed="False" />
              <test-case description="PutViaIdentity" name="Set-JCApplication.PutViaIdentity" time="0.0013" asserts="0" success="False" result="Ignored" executed="False" />
            </results>
          </test-suite>
        </results>
      </test-suite>
      <test-suite type="TestFixture" name="D:\a\1\s\AutoRest\SDKs\PowerShell\JumpCloud.SDK.V1\test\Set-JCCommand.Tests.ps1" executed="True" result="Ignored" success="True" time="0.1801" asserts="0" description="D:\a\1\s\AutoRest\SDKs\PowerShell\JumpCloud.SDK.V1\test\Set-JCCommand.Tests.ps1">
        <results>
          <test-suite type="TestFixture" name="Set-JCCommand" executed="True" result="Ignored" success="True" time="0.0404" asserts="0" description="Set-JCCommand">
            <results>
              <test-case description="PutExpanded" name="Set-JCCommand.PutExpanded" time="0.0011" asserts="0" success="False" result="Ignored" executed="False" />
              <test-case description="Put" name="Set-JCCommand.Put" time="0.0011" asserts="0" success="False" result="Ignored" executed="False" />
              <test-case description="PutViaIdentity" name="Set-JCCommand.PutViaIdentity" time="0.0011" asserts="0" success="False" result="Ignored" executed="False" />
              <test-case description="PutViaIdentityExpanded" name="Set-JCCommand.PutViaIdentityExpanded" time="0.0011" asserts="0" success="False" result="Ignored" executed="False" />
            </results>
          </test-suite>
        </results>
      </test-suite>
      <test-suite type="TestFixture" name="D:\a\1\s\AutoRest\SDKs\PowerShell\JumpCloud.SDK.V1\test\Set-JCOrganization.Tests.ps1" executed="True" result="Ignored" success="True" time="0.1647" asserts="0" description="D:\a\1\s\AutoRest\SDKs\PowerShell\JumpCloud.SDK.V1\test\Set-JCOrganization.Tests.ps1">
        <results>
          <test-suite type="TestFixture" name="Set-JCOrganization" executed="True" result="Ignored" success="True" time="0.0418" asserts="0" description="Set-JCOrganization">
            <results>
              <test-case description="PutExpanded" name="Set-JCOrganization.PutExpanded" time="0.0015" asserts="0" success="False" result="Ignored" executed="False" />
              <test-case description="Put" name="Set-JCOrganization.Put" time="0.0013" asserts="0" success="False" result="Ignored" executed="False" />
              <test-case description="PutViaIdentity" name="Set-JCOrganization.PutViaIdentity" time="0.0012" asserts="0" success="False" result="Ignored" executed="False" />
              <test-case description="PutViaIdentityExpanded" name="Set-JCOrganization.PutViaIdentityExpanded" time="0.0013" asserts="0" success="False" result="Ignored" executed="False" />
            </results>
          </test-suite>
        </results>
      </test-suite>
      <test-suite type="TestFixture" name="D:\a\1\s\AutoRest\SDKs\PowerShell\JumpCloud.SDK.V1\test\Set-JCRadiusServer.Tests.ps1" executed="True" result="Ignored" success="True" time="0.1681" asserts="0" description="D:\a\1\s\AutoRest\SDKs\PowerShell\JumpCloud.SDK.V1\test\Set-JCRadiusServer.Tests.ps1">
        <results>
          <test-suite type="TestFixture" name="Set-JCRadiusServer" executed="True" result="Ignored" success="True" time="0.0373" asserts="0" description="Set-JCRadiusServer">
            <results>
              <test-case description="PutExpanded" name="Set-JCRadiusServer.PutExpanded" time="0.0014" asserts="0" success="False" result="Ignored" executed="False" />
              <test-case description="Put" name="Set-JCRadiusServer.Put" time="0.0012" asserts="0" success="False" result="Ignored" executed="False" />
              <test-case description="PutViaIdentity" name="Set-JCRadiusServer.PutViaIdentity" time="0.0014" asserts="0" success="False" result="Ignored" executed="False" />
              <test-case description="PutViaIdentityExpanded" name="Set-JCRadiusServer.PutViaIdentityExpanded" time="0.0015" asserts="0" success="False" result="Ignored" executed="False" />
            </results>
          </test-suite>
        </results>
      </test-suite>
      <test-suite type="TestFixture" name="D:\a\1\s\AutoRest\SDKs\PowerShell\JumpCloud.SDK.V1\test\Set-JcSdkApplication.Tests.ps1" executed="True" result="Ignored" success="True" time="0.1611" asserts="0" description="D:\a\1\s\AutoRest\SDKs\PowerShell\JumpCloud.SDK.V1\test\Set-JcSdkApplication.Tests.ps1">
        <results>
          <test-suite type="TestFixture" name="Set-JcSdkApplication" executed="True" result="Ignored" success="True" time="0.0377" asserts="0" description="Set-JcSdkApplication">
            <results>
              <test-case description="PutExpanded" name="Set-JcSdkApplication.PutExpanded" time="0.0013" asserts="0" success="False" result="Ignored" executed="False" />
              <test-case description="PutViaIdentityExpanded" name="Set-JcSdkApplication.PutViaIdentityExpanded" time="0.0012" asserts="0" success="False" result="Ignored" executed="False" />
              <test-case description="Put" name="Set-JcSdkApplication.Put" time="0.0012" asserts="0" success="False" result="Ignored" executed="False" />
              <test-case description="PutViaIdentity" name="Set-JcSdkApplication.PutViaIdentity" time="0.0015" asserts="0" success="False" result="Ignored" executed="False" />
            </results>
          </test-suite>
        </results>
      </test-suite>
      <test-suite type="TestFixture" name="D:\a\1\s\AutoRest\SDKs\PowerShell\JumpCloud.SDK.V1\test\Set-JcSdkCommand.Tests.ps1" executed="True" result="Ignored" success="True" time="0.1758" asserts="0" description="D:\a\1\s\AutoRest\SDKs\PowerShell\JumpCloud.SDK.V1\test\Set-JcSdkCommand.Tests.ps1">
        <results>
          <test-suite type="TestFixture" name="Set-JcSdkCommand" executed="True" result="Ignored" success="True" time="0.0431" asserts="0" description="Set-JcSdkCommand">
            <results>
              <test-case description="PutExpanded" name="Set-JcSdkCommand.PutExpanded" time="0.0013" asserts="0" success="False" result="Ignored" executed="False" />
              <test-case description="Put" name="Set-JcSdkCommand.Put" time="0.0012" asserts="0" success="False" result="Ignored" executed="False" />
              <test-case description="PutViaIdentityExpanded" name="Set-JcSdkCommand.PutViaIdentityExpanded" time="0.0013" asserts="0" success="False" result="Ignored" executed="False" />
              <test-case description="PutViaIdentity" name="Set-JcSdkCommand.PutViaIdentity" time="0.0012" asserts="0" success="False" result="Ignored" executed="False" />
            </results>
          </test-suite>
        </results>
      </test-suite>
      <test-suite type="TestFixture" name="D:\a\1\s\AutoRest\SDKs\PowerShell\JumpCloud.SDK.V1\test\Set-JcSdkOrganization.Tests.ps1" executed="True" result="Ignored" success="True" time="0.1645" asserts="0" description="D:\a\1\s\AutoRest\SDKs\PowerShell\JumpCloud.SDK.V1\test\Set-JcSdkOrganization.Tests.ps1">
        <results>
          <test-suite type="TestFixture" name="Set-JcSdkOrganization" executed="True" result="Ignored" success="True" time="0.0367" asserts="0" description="Set-JcSdkOrganization">
            <results>
              <test-case description="PutExpanded" name="Set-JcSdkOrganization.PutExpanded" time="0.0013" asserts="0" success="False" result="Ignored" executed="False" />
              <test-case description="Put" name="Set-JcSdkOrganization.Put" time="0.0012" asserts="0" success="False" result="Ignored" executed="False" />
              <test-case description="PutViaIdentityExpanded" name="Set-JcSdkOrganization.PutViaIdentityExpanded" time="0.0012" asserts="0" success="False" result="Ignored" executed="False" />
              <test-case description="PutViaIdentity" name="Set-JcSdkOrganization.PutViaIdentity" time="0.0011" asserts="0" success="False" result="Ignored" executed="False" />
            </results>
          </test-suite>
        </results>
      </test-suite>
      <test-suite type="TestFixture" name="D:\a\1\s\AutoRest\SDKs\PowerShell\JumpCloud.SDK.V1\test\Set-JcSdkRadiusServer.Tests.ps1" executed="True" result="Ignored" success="True" time="0.1656" asserts="0" description="D:\a\1\s\AutoRest\SDKs\PowerShell\JumpCloud.SDK.V1\test\Set-JcSdkRadiusServer.Tests.ps1">
        <results>
          <test-suite type="TestFixture" name="Set-JcSdkRadiusServer" executed="True" result="Ignored" success="True" time="0.0371" asserts="0" description="Set-JcSdkRadiusServer">
            <results>
              <test-case description="PutExpanded" name="Set-JcSdkRadiusServer.PutExpanded" time="0.0013" asserts="0" success="False" result="Ignored" executed="False" />
              <test-case description="Put" name="Set-JcSdkRadiusServer.Put" time="0.0014" asserts="0" success="False" result="Ignored" executed="False" />
              <test-case description="PutViaIdentityExpanded" name="Set-JcSdkRadiusServer.PutViaIdentityExpanded" time="0.0012" asserts="0" success="False" result="Ignored" executed="False" />
              <test-case description="PutViaIdentity" name="Set-JcSdkRadiusServer.PutViaIdentity" time="0.0013" asserts="0" success="False" result="Ignored" executed="False" />
            </results>
          </test-suite>
        </results>
      </test-suite>
      <test-suite type="TestFixture" name="D:\a\1\s\AutoRest\SDKs\PowerShell\JumpCloud.SDK.V1\test\Set-JcSdkSystem.Tests.ps1" executed="True" result="Ignored" success="True" time="0.1629" asserts="0" description="D:\a\1\s\AutoRest\SDKs\PowerShell\JumpCloud.SDK.V1\test\Set-JcSdkSystem.Tests.ps1">
        <results>
          <test-suite type="TestFixture" name="Set-JcSdkSystem" executed="True" result="Ignored" success="True" time="0.0418" asserts="0" description="Set-JcSdkSystem">
            <results>
              <test-case description="PutExpanded" name="Set-JcSdkSystem.PutExpanded" time="0.0012" asserts="0" success="False" result="Ignored" executed="False" />
              <test-case description="Put" name="Set-JcSdkSystem.Put" time="0.0013" asserts="0" success="False" result="Ignored" executed="False" />
              <test-case description="PutViaIdentityExpanded" name="Set-JcSdkSystem.PutViaIdentityExpanded" time="0.0012" asserts="0" success="False" result="Ignored" executed="False" />
              <test-case description="PutViaIdentity" name="Set-JcSdkSystem.PutViaIdentity" time="0.0013" asserts="0" success="False" result="Ignored" executed="False" />
            </results>
          </test-suite>
        </results>
      </test-suite>
      <test-suite type="TestFixture" name="D:\a\1\s\AutoRest\SDKs\PowerShell\JumpCloud.SDK.V1\test\Set-JcSdkSystemUser.Tests.ps1" executed="True" result="Ignored" success="True" time="0.1617" asserts="0" description="D:\a\1\s\AutoRest\SDKs\PowerShell\JumpCloud.SDK.V1\test\Set-JcSdkSystemUser.Tests.ps1">
        <results>
          <test-suite type="TestFixture" name="Set-JcSdkSystemUser" executed="True" result="Ignored" success="True" time="0.0371" asserts="0" description="Set-JcSdkSystemUser">
            <results>
              <test-case description="PutExpanded" name="Set-JcSdkSystemUser.PutExpanded" time="0.0012" asserts="0" success="False" result="Ignored" executed="False" />
              <test-case description="Put" name="Set-JcSdkSystemUser.Put" time="0.0013" asserts="0" success="False" result="Ignored" executed="False" />
              <test-case description="PutViaIdentityExpanded" name="Set-JcSdkSystemUser.PutViaIdentityExpanded" time="0.0012" asserts="0" success="False" result="Ignored" executed="False" />
              <test-case description="PutViaIdentity" name="Set-JcSdkSystemUser.PutViaIdentity" time="0.0012" asserts="0" success="False" result="Ignored" executed="False" />
            </results>
          </test-suite>
        </results>
      </test-suite>
      <test-suite type="TestFixture" name="D:\a\1\s\AutoRest\SDKs\PowerShell\JumpCloud.SDK.V1\test\Set-JCSystem.Tests.ps1" executed="True" result="Ignored" success="True" time="0.1698" asserts="0" description="D:\a\1\s\AutoRest\SDKs\PowerShell\JumpCloud.SDK.V1\test\Set-JCSystem.Tests.ps1">
        <results>
          <test-suite type="TestFixture" name="Set-JCSystem" executed="True" result="Ignored" success="True" time="0.0373" asserts="0" description="Set-JCSystem">
            <results>
              <test-case description="PutExpanded" name="Set-JCSystem.PutExpanded" time="0.0013" asserts="0" success="False" result="Ignored" executed="False" />
              <test-case description="Put" name="Set-JCSystem.Put" time="0.0014" asserts="0" success="False" result="Ignored" executed="False" />
              <test-case description="PutViaIdentity" name="Set-JCSystem.PutViaIdentity" time="0.0014" asserts="0" success="False" result="Ignored" executed="False" />
              <test-case description="PutViaIdentityExpanded" name="Set-JCSystem.PutViaIdentityExpanded" time="0.0012" asserts="0" success="False" result="Ignored" executed="False" />
            </results>
          </test-suite>
        </results>
      </test-suite>
      <test-suite type="TestFixture" name="D:\a\1\s\AutoRest\SDKs\PowerShell\JumpCloud.SDK.V1\test\Set-JCSystemUser.Tests.ps1" executed="True" result="Ignored" success="True" time="0.155" asserts="0" description="D:\a\1\s\AutoRest\SDKs\PowerShell\JumpCloud.SDK.V1\test\Set-JCSystemUser.Tests.ps1">
        <results>
          <test-suite type="TestFixture" name="Set-JCSystemUser" executed="True" result="Ignored" success="True" time="0.0359" asserts="0" description="Set-JCSystemUser">
            <results>
              <test-case description="PutExpanded" name="Set-JCSystemUser.PutExpanded" time="0.0013" asserts="0" success="False" result="Ignored" executed="False" />
              <test-case description="Put" name="Set-JCSystemUser.Put" time="0.0011" asserts="0" success="False" result="Ignored" executed="False" />
              <test-case description="PutViaIdentity" name="Set-JCSystemUser.PutViaIdentity" time="0.0012" asserts="0" success="False" result="Ignored" executed="False" />
              <test-case description="PutViaIdentityExpanded" name="Set-JCSystemUser.PutViaIdentityExpanded" time="0.0013" asserts="0" success="False" result="Ignored" executed="False" />
            </results>
          </test-suite>
        </results>
      </test-suite>
      <test-suite type="TestFixture" name="D:\a\1\s\AutoRest\SDKs\PowerShell\JumpCloud.SDK.V1\test\Unlock-JcSdkSystemUser.Tests.ps1" executed="True" result="Ignored" success="True" time="0.1693" asserts="0" description="D:\a\1\s\AutoRest\SDKs\PowerShell\JumpCloud.SDK.V1\test\Unlock-JcSdkSystemUser.Tests.ps1">
        <results>
          <test-suite type="TestFixture" name="Unlock-JcSdkSystemUser" executed="True" result="Ignored" success="True" time="0.0411" asserts="0" description="Unlock-JcSdkSystemUser">
            <results>
              <test-case description="Unlock" name="Unlock-JcSdkSystemUser.Unlock" time="0.0015" asserts="0" success="False" result="Ignored" executed="False" />
              <test-case description="UnlockViaIdentity" name="Unlock-JcSdkSystemUser.UnlockViaIdentity" time="0.0017" asserts="0" success="False" result="Ignored" executed="False" />
            </results>
          </test-suite>
        </results>
      </test-suite>
      <test-suite type="TestFixture" name="D:\a\1\s\AutoRest\SDKs\PowerShell\JumpCloud.SDK.V1\test\Unlock-JCSystemUser.Tests.ps1" executed="True" result="Ignored" success="True" time="0.1594" asserts="0" description="D:\a\1\s\AutoRest\SDKs\PowerShell\JumpCloud.SDK.V1\test\Unlock-JCSystemUser.Tests.ps1">
        <results>
          <test-suite type="TestFixture" name="Unlock-JCSystemUser" executed="True" result="Ignored" success="True" time="0.0356" asserts="0" description="Unlock-JCSystemUser">
            <results>
              <test-case description="Unlock" name="Unlock-JCSystemUser.Unlock" time="0.0012" asserts="0" success="False" result="Ignored" executed="False" />
              <test-case description="UnlockViaIdentity" name="Unlock-JCSystemUser.UnlockViaIdentity" time="0.0012" asserts="0" success="False" result="Ignored" executed="False" />
            </results>
          </test-suite>
        </results>
      </test-suite>
    </results>
  </test-suite>
</test-results>