<?xml version="1.0" encoding="utf-8" standalone="no"?>
<test-results xmlns:xsi="http://www.w3.org/2001/XMLSchema-instance" xsi:noNamespaceSchemaLocation="nunit_schema_2.5.xsd" name="Pester" total="4" errors="0" failures="0" not-run="0" inconclusive="0" ignored="0" skipped="4" invalid="0" date="2020-07-01" time="18:13:15">
  <environment cwd="D:\a\1\s\AutoRest\SDKs\PowerShell\JumpCloud.SDK.DirectoryInsights" os-version="10.0.17763" user="VssAdministrator" clr-version="Unknown" user-domain="WIN-1I7ARQ0TBSJ" machine-name="WIN-1I7ARQ0TBSJ" nunit-version="2.5.8.0" platform="Microsoft Windows Server 2019 Datacenter|C:\windows|\Device\Harddisk0\Partition2" />
  <culture-info current-culture="en-US" current-uiculture="en-US" />
  <test-suite type="TestFixture" name="Pester" executed="True" result="Ignored" success="True" time="1.1874" asserts="0" description="Pester">
    <results>
      <test-suite type="TestFixture" name="D:\a\1\s\AutoRest\SDKs\PowerShell\JumpCloud.SDK.DirectoryInsights\test\Get-JcSdkEvent.Tests.ps1" executed="True" result="Ignored" success="True" time="0.9132" asserts="0" description="D:\a\1\s\AutoRest\SDKs\PowerShell\JumpCloud.SDK.DirectoryInsights\test\Get-JcSdkEvent.Tests.ps1">
        <results>
          <test-suite type="TestFixture" name="Get-JcSdkEvent" executed="True" result="Ignored" success="True" time="0.3973" asserts="0" description="Get-JcSdkEvent">
            <results>
              <test-case description="GetExpanded" name="Get-JcSdkEvent.GetExpanded" time="0.0596" asserts="0" success="False" result="Ignored" executed="False" />
              <test-case description="Get" name="Get-JcSdkEvent.Get" time="0.0062" asserts="0" success="False" result="Ignored" executed="False" />
            </results>
          </test-suite>
        </results>
      </test-suite>
      <test-suite type="TestFixture" name="D:\a\1\s\AutoRest\SDKs\PowerShell\JumpCloud.SDK.DirectoryInsights\test\Get-JcSdkEventCount.Tests.ps1" executed="True" result="Ignored" success="True" time="0.2484" asserts="0" description="D:\a\1\s\AutoRest\SDKs\PowerShell\JumpCloud.SDK.DirectoryInsights\test\Get-JcSdkEventCount.Tests.ps1">
        <results>
          <test-suite type="TestFixture" name="Get-JcSdkEventCount" executed="True" result="Ignored" success="True" time="0.0689" asserts="0" description="Get-JcSdkEventCount">
            <results>
              <test-case description="GetExpanded" name="Get-JcSdkEventCount.GetExpanded" time="0.0061" asserts="0" success="False" result="Ignored" executed="False" />
              <test-case description="Get" name="Get-JcSdkEventCount.Get" time="0.0048" asserts="0" success="False" result="Ignored" executed="False" />
            </results>
          </test-suite>
        </results>
      </test-suite>
      <test-suite type="TestFixture" name="D:\a\1\s\AutoRest\SDKs\PowerShell\JumpCloud.SDK.DirectoryInsights\test\Common\HelpFiles.Tests.ps1" executed="True" result="Success" success="True" time="0.0258" asserts="0" description="D:\a\1\s\AutoRest\SDKs\PowerShell\JumpCloud.SDK.DirectoryInsights\test\Common\HelpFiles.Tests.ps1">
        <results>
          <test-suite type="TestFixture" name="Help File Tests" executed="True" result="Success" success="True" time="0" asserts="0" description="Help File Tests">
            <results>
              <test-suite type="TestFixture" name="Help File Tests.Validating help file fields have been populated" executed="True" result="Success" success="True" time="0" asserts="0" description="Help File Tests.Validating help file fields have been populated">
                <results />
              </test-suite>
            </results>
          </test-suite>
        </results>
      </test-suite>
    </results>
  </test-suite>
</test-results>